This file contains any messages produced by compilers while
running configure, to aid debugging if configure makes a mistake.

It was created by configure, which was
generated by GNU Autoconf 2.59.  Invocation command line was

  $ ./configure --enable-smp-support --enable-hipe --enable-threads --enable-kernel-poll --enable-native-libs --enable-shared-zlib --enable-lock-counter

## --------- ##
## Platform. ##
## --------- ##

hostname = localhost.localdomain
uname -m = x86_64
uname -r = 2.6.32-696.3.2.el6.x86_64
uname -s = Linux
uname -v = #1 SMP Tue Jun 20 01:26:55 UTC 2017

/usr/bin/uname -p = unknown
/bin/uname -X     = unknown

/bin/arch              = x86_64
/usr/bin/arch -k       = unknown
/usr/convex/getsysinfo = unknown
hostinfo               = unknown
/bin/machine           = unknown
/usr/bin/oslevel       = unknown
/bin/universe          = unknown

PATH: /root/.autojump/bin
PATH: /root/.autojump/bin
PATH: /usr/lib64/qt-3.3/bin
PATH: /usr/local/sbin
PATH: /usr/sbin
PATH: /sbin
PATH: /usr/local/bin
PATH: /usr/bin
PATH: /bin
PATH: /root/bin
PATH: /usr/local/share/java/jdk1.8.0_131/bin
PATH: /usr/local/share/java/jdk1.8.0_131/jre/bin


## ----------- ##
## Core tests. ##
## ----------- ##

configure:1654: checking build system type
configure:1672: result: x86_64-unknown-linux-gnu
configure:1680: checking host system type
configure:1694: result: x86_64-unknown-linux-gnu
configure:1782: checking for gcc
configure:1798: found /usr/bin/gcc
configure:1808: result: gcc
configure:2052: checking for C compiler version
configure:2055: gcc --version </dev/null >&5
gcc (GCC) 4.4.7 20120313 (Red Hat 4.4.7-18)
Copyright (C) 2010 Free Software Foundation, Inc.
This is free software; see the source for copying conditions.  There is NO
warranty; not even for MERCHANTABILITY or FITNESS FOR A PARTICULAR PURPOSE.

configure:2058: $? = 0
configure:2060: gcc -v </dev/null >&5
Using built-in specs.
Target: x86_64-redhat-linux
Configured with: ../configure --prefix=/usr --mandir=/usr/share/man --infodir=/usr/share/info --with-bugurl=http://bugzilla.redhat.com/bugzilla --enable-bootstrap --enable-shared --enable-threads=posix --enable-checking=release --with-system-zlib --enable-__cxa_atexit --disable-libunwind-exceptions --enable-gnu-unique-object --enable-languages=c,c++,objc,obj-c++,java,fortran,ada --enable-java-awt=gtk --disable-dssi --with-java-home=/usr/lib/jvm/java-1.5.0-gcj-1.5.0.0/jre --enable-libgcj-multifile --enable-java-maintainer-mode --with-ecj-jar=/usr/share/java/eclipse-ecj.jar --disable-libjava-multilib --with-ppl --with-cloog --with-tune=generic --with-arch_32=i686 --build=x86_64-redhat-linux
Thread model: posix
gcc version 4.4.7 20120313 (Red Hat 4.4.7-18) (GCC) 
configure:2063: $? = 0
configure:2065: gcc -V </dev/null >&5
gcc: '-V' option must have argument
configure:2068: $? = 1
configure:2091: checking for C compiler default output file name
configure:2094: gcc    conftest.c  >&5
configure:2097: $? = 0
configure:2143: result: a.out
configure:2148: checking whether the C compiler works
configure:2154: ./a.out
configure:2157: $? = 0
configure:2174: result: yes
configure:2181: checking whether we are cross compiling
configure:2183: result: no
configure:2186: checking for suffix of executables
configure:2188: gcc -o conftest    conftest.c  >&5
configure:2191: $? = 0
configure:2216: result: 
configure:2222: checking for suffix of object files
configure:2243: gcc -c   conftest.c >&5
configure:2246: $? = 0
configure:2268: result: o
configure:2272: checking whether we are using the GNU C compiler
configure:2296: gcc -c   conftest.c >&5
configure:2302: $? = 0
configure:2306: test -z 
			 || test ! -s conftest.err
configure:2309: $? = 0
configure:2312: test -s conftest.o
configure:2315: $? = 0
configure:2328: result: yes
configure:2334: checking whether gcc accepts -g
configure:2355: gcc -c -g  conftest.c >&5
configure:2361: $? = 0
configure:2365: test -z 
			 || test ! -s conftest.err
configure:2368: $? = 0
configure:2371: test -s conftest.o
configure:2374: $? = 0
configure:2385: result: yes
configure:2402: checking for gcc option to accept ANSI C
configure:2472: gcc  -c -g -O2  conftest.c >&5
configure:2478: $? = 0
configure:2482: test -z 
			 || test ! -s conftest.err
configure:2485: $? = 0
configure:2488: test -s conftest.o
configure:2491: $? = 0
configure:2509: result: none needed
configure:2527: gcc -c -g -O2  conftest.c >&5
conftest.c:2: error: expected '=', ',', ';', 'asm' or '__attribute__' before 'me'
configure:2533: $? = 1
configure: failed program was:
| #ifndef __cplusplus
|   choke me
| #endif
configure:2718: checking for g++
configure:2734: found /usr/bin/g++
configure:2744: result: g++
configure:2760: checking for C++ compiler version
configure:2763: g++ --version </dev/null >&5
g++ (GCC) 4.4.7 20120313 (Red Hat 4.4.7-18)
Copyright (C) 2010 Free Software Foundation, Inc.
This is free software; see the source for copying conditions.  There is NO
warranty; not even for MERCHANTABILITY or FITNESS FOR A PARTICULAR PURPOSE.

configure:2766: $? = 0
configure:2768: g++ -v </dev/null >&5
Using built-in specs.
Target: x86_64-redhat-linux
Configured with: ../configure --prefix=/usr --mandir=/usr/share/man --infodir=/usr/share/info --with-bugurl=http://bugzilla.redhat.com/bugzilla --enable-bootstrap --enable-shared --enable-threads=posix --enable-checking=release --with-system-zlib --enable-__cxa_atexit --disable-libunwind-exceptions --enable-gnu-unique-object --enable-languages=c,c++,objc,obj-c++,java,fortran,ada --enable-java-awt=gtk --disable-dssi --with-java-home=/usr/lib/jvm/java-1.5.0-gcj-1.5.0.0/jre --enable-libgcj-multifile --enable-java-maintainer-mode --with-ecj-jar=/usr/share/java/eclipse-ecj.jar --disable-libjava-multilib --with-ppl --with-cloog --with-tune=generic --with-arch_32=i686 --build=x86_64-redhat-linux
Thread model: posix
gcc version 4.4.7 20120313 (Red Hat 4.4.7-18) (GCC) 
configure:2771: $? = 0
configure:2773: g++ -V </dev/null >&5
g++: '-V' option must have argument
configure:2776: $? = 1
configure:2779: checking whether we are using the GNU C++ compiler
configure:2803: g++ -c   conftest.cc >&5
configure:2809: $? = 0
configure:2813: test -z 
			 || test ! -s conftest.err
configure:2816: $? = 0
configure:2819: test -s conftest.o
configure:2822: $? = 0
configure:2835: result: yes
configure:2841: checking whether g++ accepts -g
configure:2862: g++ -c -g  conftest.cc >&5
configure:2868: $? = 0
configure:2872: test -z 
			 || test ! -s conftest.err
configure:2875: $? = 0
configure:2878: test -s conftest.o
configure:2881: $? = 0
configure:2892: result: yes
configure:2934: g++ -c -g -O2  conftest.cc >&5
configure:2940: $? = 0
configure:2944: test -z 
			 || test ! -s conftest.err
configure:2947: $? = 0
configure:2950: test -s conftest.o
configure:2953: $? = 0
configure:2979: g++ -c -g -O2  conftest.cc >&5
conftest.cc: In function 'int main()':
conftest.cc:13: error: 'exit' was not declared in this scope
configure:2985: $? = 1
configure: failed program was:
| /* confdefs.h.  */
| 
| #define PACKAGE_NAME ""
| #define PACKAGE_TARNAME ""
| #define PACKAGE_VERSION ""
| #define PACKAGE_STRING ""
| #define PACKAGE_BUGREPORT ""
| /* end confdefs.h.  */
| 
| int
| main ()
| {
| exit (42);
|   ;
|   return 0;
| }
configure:2934: g++ -c -g -O2  conftest.cc >&5
conftest.cc:9: error: 'void std::exit(int)' should have been declared inside 'std'
configure:2940: $? = 1
configure: failed program was:
| /* confdefs.h.  */
| 
| #define PACKAGE_NAME ""
| #define PACKAGE_TARNAME ""
| #define PACKAGE_VERSION ""
| #define PACKAGE_STRING ""
| #define PACKAGE_BUGREPORT ""
| /* end confdefs.h.  */
| extern "C" void std::exit (int) throw (); using std::exit;
| #include <stdlib.h>
| int
| main ()
| {
| exit (42);
|   ;
|   return 0;
| }
configure:2934: g++ -c -g -O2  conftest.cc >&5
conftest.cc:9: error: 'void std::exit(int)' should have been declared inside 'std'
In file included from conftest.cc:10:
/usr/include/stdlib.h:544: error: declaration of 'void std::exit(int) throw ()' throws different exceptions
conftest.cc:9: error: from previous declaration 'void std::exit(int)'
configure:2940: $? = 1
configure: failed program was:
| /* confdefs.h.  */
| 
| #define PACKAGE_NAME ""
| #define PACKAGE_TARNAME ""
| #define PACKAGE_VERSION ""
| #define PACKAGE_STRING ""
| #define PACKAGE_BUGREPORT ""
| /* end confdefs.h.  */
| extern "C" void std::exit (int); using std::exit;
| #include <stdlib.h>
| int
| main ()
| {
| exit (42);
|   ;
|   return 0;
| }
configure:2934: g++ -c -g -O2  conftest.cc >&5
configure:2940: $? = 0
configure:2944: test -z 
			 || test ! -s conftest.err
configure:2947: $? = 0
configure:2950: test -s conftest.o
configure:2953: $? = 0
configure:2979: g++ -c -g -O2  conftest.cc >&5
configure:2985: $? = 0
configure:2989: test -z 
			 || test ! -s conftest.err
configure:2992: $? = 0
configure:2995: test -s conftest.o
configure:2998: $? = 0
configure:3062: checking for ld
configure:3078: found /usr/bin/ld
configure:3088: result: ld
configure:3105: checking for env
configure:3123: found /bin/env
configure:3136: result: /bin/env
configure:3152: checking for GNU make
configure:3190: result: yes (make)
configure:3209: checking for a BSD-compatible install
configure:3264: result: /usr/bin/install -c
configure:3282: checking whether ln -s works
configure:3286: result: yes
configure:3334: checking for ranlib
configure:3350: found /usr/bin/ranlib
configure:3361: result: ranlib
configure:3377: checking ERTS version
configure:3380: result: 9.0
configure:3387: checking OTP release
configure:3390: result: 20
configure:3394: checking OTP version
configure:3397: result: 20.0
configure:3834: creating ./config.status

## ---------------------- ##
## Running config.status. ##
## ---------------------- ##

This file was extended by config.status, which was
generated by GNU Autoconf 2.59.  Invocation command line was

  CONFIG_FILES    = 
  CONFIG_HEADERS  = 
  CONFIG_LINKS    = 
  CONFIG_COMMANDS = 
  $ ./config.status 

on localhost.localdomain

config.status:696: creating Makefile
config.status:696: creating make/output.mk
config.status:696: creating make/emd2exml
configure:4730: configuring in lib
configure:4847: running /bin/sh '/root/download/otp_src_20.0/lib/configure' --prefix=/usr/local  '--enable-smp-support' '--enable-hipe' '--enable-threads' '--enable-kernel-poll' '--enable-native-libs' '--enable-shared-zlib' '--enable-lock-counter' 'ERL_TOP=/root/download/otp_src_20.0' --cache-file=/dev/null --srcdir=/root/download/otp_src_20.0/lib
configure:4730: configuring in erts
configure:4847: running /bin/sh '/root/download/otp_src_20.0/erts/configure' --prefix=/usr/local  '--enable-smp-support' '--enable-hipe' '--enable-threads' '--enable-kernel-poll' '--enable-native-libs' '--enable-shared-zlib' '--enable-lock-counter' 'ERL_TOP=/root/download/otp_src_20.0' --cache-file=/dev/null --srcdir=/root/download/otp_src_20.0/erts

## ---------------- ##
## Cache variables. ##
## ---------------- ##

ac_cv_build=x86_64-unknown-linux-gnu
ac_cv_build_alias=x86_64-unknown-linux-gnu
ac_cv_c_compiler_gnu=yes
ac_cv_cxx_compiler_gnu=yes
ac_cv_env_AR_set=
ac_cv_env_AR_value=
ac_cv_env_CC_set=
ac_cv_env_CC_value=
ac_cv_env_CFLAGS_set=
ac_cv_env_CFLAGS_value=
ac_cv_env_CFLAG_RUNTIME_LIBRARY_PATH_set=
ac_cv_env_CFLAG_RUNTIME_LIBRARY_PATH_value=
ac_cv_env_CPPFLAGS_set=
ac_cv_env_CPPFLAGS_value=
ac_cv_env_CPP_set=
ac_cv_env_CPP_value=
ac_cv_env_CXXFLAGS_set=
ac_cv_env_CXXFLAGS_value=
ac_cv_env_CXX_set=
ac_cv_env_CXX_value=
ac_cv_env_DED_LDFLAGS_set=
ac_cv_env_DED_LDFLAGS_value=
ac_cv_env_DED_LD_FLAG_RUNTIME_LIBRARY_PATH_set=
ac_cv_env_DED_LD_FLAG_RUNTIME_LIBRARY_PATH_value=
ac_cv_env_DED_LD_set=
ac_cv_env_DED_LD_value=
ac_cv_env_ERL_TOP_set=set
ac_cv_env_ERL_TOP_value=/root/download/otp_src_20.0
ac_cv_env_GETCONF_set=
ac_cv_env_GETCONF_value=
ac_cv_env_LDFLAGS_set=
ac_cv_env_LDFLAGS_value=
ac_cv_env_LD_set=
ac_cv_env_LD_value=
ac_cv_env_LFS_CFLAGS_set=
ac_cv_env_LFS_CFLAGS_value=
ac_cv_env_LFS_LDFLAGS_set=
ac_cv_env_LFS_LDFLAGS_value=
ac_cv_env_LFS_LIBS_set=
ac_cv_env_LFS_LIBS_value=
ac_cv_env_LIBS_set=
ac_cv_env_LIBS_value=
ac_cv_env_RANLIB_set=
ac_cv_env_RANLIB_value=
ac_cv_env_STATIC_CFLAGS_set=
ac_cv_env_STATIC_CFLAGS_value=
ac_cv_env_build_alias_set=
ac_cv_env_build_alias_value=
ac_cv_env_erl_xcomp_after_morecore_hook_set=
ac_cv_env_erl_xcomp_after_morecore_hook_value=
ac_cv_env_erl_xcomp_bigendian_set=
ac_cv_env_erl_xcomp_bigendian_value=
ac_cv_env_erl_xcomp_clock_gettime_cpu_time_set=
ac_cv_env_erl_xcomp_clock_gettime_cpu_time_value=
ac_cv_env_erl_xcomp_dlsym_brk_wrappers_set=
ac_cv_env_erl_xcomp_dlsym_brk_wrappers_value=
ac_cv_env_erl_xcomp_double_middle_endian_set=
ac_cv_env_erl_xcomp_double_middle_endian_value=
ac_cv_env_erl_xcomp_getaddrinfo_set=
ac_cv_env_erl_xcomp_getaddrinfo_value=
ac_cv_env_erl_xcomp_gethrvtime_procfs_ioctl_set=
ac_cv_env_erl_xcomp_gethrvtime_procfs_ioctl_value=
ac_cv_env_erl_xcomp_isysroot_set=
ac_cv_env_erl_xcomp_isysroot_value=
ac_cv_env_erl_xcomp_kqueue_set=
ac_cv_env_erl_xcomp_kqueue_value=
ac_cv_env_erl_xcomp_linux_nptl_set=
ac_cv_env_erl_xcomp_linux_nptl_value=
ac_cv_env_erl_xcomp_linux_usable_sigaltstack_set=
ac_cv_env_erl_xcomp_linux_usable_sigaltstack_value=
ac_cv_env_erl_xcomp_linux_usable_sigusrx_set=
ac_cv_env_erl_xcomp_linux_usable_sigusrx_value=
ac_cv_env_erl_xcomp_poll_set=
ac_cv_env_erl_xcomp_poll_value=
ac_cv_env_erl_xcomp_putenv_copy_set=
ac_cv_env_erl_xcomp_putenv_copy_value=
ac_cv_env_erl_xcomp_reliable_fpe_set=
ac_cv_env_erl_xcomp_reliable_fpe_value=
ac_cv_env_erl_xcomp_sysroot_set=
ac_cv_env_erl_xcomp_sysroot_value=
ac_cv_env_host_alias_set=
ac_cv_env_host_alias_value=
ac_cv_env_target_alias_set=
ac_cv_env_target_alias_value=
ac_cv_exeext=
ac_cv_host=x86_64-unknown-linux-gnu
ac_cv_host_alias=x86_64-unknown-linux-gnu
ac_cv_objext=o
ac_cv_path_ENV=/bin/env
ac_cv_path_install='/usr/bin/install -c'
ac_cv_prog_ac_ct_CC=gcc
ac_cv_prog_ac_ct_CXX=g++
ac_cv_prog_ac_ct_LD=ld
ac_cv_prog_ac_ct_RANLIB=ranlib
ac_cv_prog_cc_g=yes
ac_cv_prog_cc_stdc=
ac_cv_prog_cxx_g=yes

## ----------------- ##
## Output variables. ##
## ----------------- ##

AR=''
BOOTSTRAP_ONLY='no'
CC='gcc'
CFLAGS='-g -O2'
CFLAG_RUNTIME_LIBRARY_PATH=''
CPP=''
CPPFLAGS=''
CROSS_COMPILING='no'
CXX='g++'
CXXFLAGS='-g -O2'
DED_LD=''
DED_LDFLAGS=''
DED_LD_FLAG_RUNTIME_LIBRARY_PATH=''
DEFAULT_VERBOSITY='0'
DEFS='-DPACKAGE_NAME=\"\" -DPACKAGE_TARNAME=\"\" -DPACKAGE_VERSION=\"\" -DPACKAGE_STRING=\"\" -DPACKAGE_BUGREPORT=\"\" '
ECHO_C=''
ECHO_N='-n'
ECHO_T=''
ENV='/bin/env'
ERL_TOP='/root/download/otp_src_20.0'
ERTS_VSN='9.0'
EXEEXT=''
GETCONF=''
INSTALL_DATA='${INSTALL} -m 644'
INSTALL_PROGRAM='${INSTALL}'
INSTALL_SCRIPT='${INSTALL}'
LD='ld'
LDFLAGS=''
LFS_CFLAGS=''
LFS_LDFLAGS=''
LFS_LIBS=''
LIBOBJS=''
LIBS=''
LN_S='ln -s'
LTLIBOBJS=''
MAKE_PROG='make'
NATIVE_LIBS_ENABLED='yes'
OBJEXT='o'
OTP_REL='20'
OTP_VSN='20.0'
PACKAGE_BUGREPORT=''
PACKAGE_NAME=''
PACKAGE_STRING=''
PACKAGE_TARNAME=''
PACKAGE_VERSION=''
PATH_SEPARATOR=':'
RANLIB='ranlib'
SHELL='/bin/sh'
STATIC_CFLAGS=''
TARGET='x86_64-unknown-linux-gnu'
ac_ct_CC='gcc'
ac_ct_CXX='g++'
ac_ct_LD='ld'
ac_ct_RANLIB='ranlib'
bindir='${exec_prefix}/bin'
build='x86_64-unknown-linux-gnu'
build_alias=''
build_cpu='x86_64'
build_os='linux-gnu'
build_vendor='unknown'
datadir='${prefix}/share'
erl_xcomp_after_morecore_hook=''
erl_xcomp_bigendian=''
erl_xcomp_clock_gettime_cpu_time=''
erl_xcomp_dlsym_brk_wrappers=''
erl_xcomp_double_middle_endian=''
erl_xcomp_getaddrinfo=''
erl_xcomp_gethrvtime_procfs_ioctl=''
erl_xcomp_isysroot=''
erl_xcomp_kqueue=''
erl_xcomp_linux_nptl=''
erl_xcomp_linux_usable_sigaltstack=''
erl_xcomp_linux_usable_sigusrx=''
erl_xcomp_poll=''
erl_xcomp_putenv_copy=''
erl_xcomp_reliable_fpe=''
erl_xcomp_sysroot=''
exec_prefix='${prefix}'
host='x86_64-unknown-linux-gnu'
host_alias=''
host_cpu='x86_64'
host_os='linux-gnu'
host_vendor='unknown'
includedir='${prefix}/include'
infodir='${prefix}/info'
libdir='${exec_prefix}/lib'
libexecdir='${exec_prefix}/libexec'
localstatedir='${prefix}/var'
mandir='${prefix}/man'
oldincludedir='/usr/include'
prefix='/usr/local'
program_transform_name='s,x,x,'
sbindir='${exec_prefix}/sbin'
sharedstatedir='${prefix}/com'
subdirs=' lib erts'
sysconfdir='${prefix}/etc'
target_alias=''

## ----------- ##
## confdefs.h. ##
## ----------- ##

#define PACKAGE_BUGREPORT ""
#define PACKAGE_NAME ""
#define PACKAGE_STRING ""
#define PACKAGE_TARNAME ""
#define PACKAGE_VERSION ""
#endif
#ifdef __cplusplus
extern "C" void exit (int) throw ();

configure: exit 0
