This file contains any messages produced by compilers while
running configure, to aid debugging if configure makes a mistake.

It was created by configure, which was
generated by GNU Autoconf 2.59.  Invocation command line was

  $ /root/download/otp_src_19.3/lib/odbc/./configure --prefix=/usr/local --prefix=/usr/local --enable-smp-support --enable-hipe --enable-threads --enable-kernel-poll --enable-native-libs --enable-shared-zlib --enable-lock-counter ERL_TOP=/root/download/otp_src_19.3 --cache-file=/dev/null --srcdir=/root/download/otp_src_19.3/lib --cache-file=/dev/null --srcdir=/root/download/otp_src_19.3/lib/odbc/.

## --------- ##
## Platform. ##
## --------- ##

hostname = localhost.localdomain
uname -m = x86_64
uname -r = 2.6.32-696.3.2.el6.x86_64
uname -s = Linux
uname -v = #1 SMP Tue Jun 20 01:26:55 UTC 2017

/usr/bin/uname -p = unknown
/bin/uname -X     = unknown

/bin/arch              = x86_64
/usr/bin/arch -k       = unknown
/usr/convex/getsysinfo = unknown
hostinfo               = unknown
/bin/machine           = unknown
/usr/bin/oslevel       = unknown
/bin/universe          = unknown

PATH: /usr/local/bin
PATH: /usr/local/bin
PATH: /usr/lib64/qt-3.3/bin
PATH: /usr/local/sbin
PATH: /usr/sbin
PATH: /sbin
PATH: /usr/local/bin
PATH: /usr/bin
PATH: /bin
PATH: /root/bin
PATH: /usr/local/share/java/jdk1.8.0_131/bin
PATH: /usr/local/share/java/jdk1.8.0_131/jre/bin
PATH: /usr/local/share/java/jdk1.8.0_131/bin
PATH: /usr/local/share/java/jdk1.8.0_131/jre/bin
PATH: /usr/local/share/java/jdk1.8.0_131/bin
PATH: /usr/local/share/java/jdk1.8.0_131/jre/bin


## ----------- ##
## Core tests. ##
## ----------- ##

configure:1367: checking build system type
configure:1385: result: x86_64-unknown-linux-gnu
configure:1393: checking host system type
configure:1407: result: x86_64-unknown-linux-gnu
configure:1489: checking for gcc
configure:1505: found /usr/bin/gcc
configure:1515: result: gcc
configure:1759: checking for C compiler version
configure:1762: gcc --version </dev/null >&5
gcc (GCC) 4.4.7 20120313 (Red Hat 4.4.7-18)
Copyright (C) 2010 Free Software Foundation, Inc.
This is free software; see the source for copying conditions.  There is NO
warranty; not even for MERCHANTABILITY or FITNESS FOR A PARTICULAR PURPOSE.

configure:1765: $? = 0
configure:1767: gcc -v </dev/null >&5
Using built-in specs.
Target: x86_64-redhat-linux
Configured with: ../configure --prefix=/usr --mandir=/usr/share/man --infodir=/usr/share/info --with-bugurl=http://bugzilla.redhat.com/bugzilla --enable-bootstrap --enable-shared --enable-threads=posix --enable-checking=release --with-system-zlib --enable-__cxa_atexit --disable-libunwind-exceptions --enable-gnu-unique-object --enable-languages=c,c++,objc,obj-c++,java,fortran,ada --enable-java-awt=gtk --disable-dssi --with-java-home=/usr/lib/jvm/java-1.5.0-gcj-1.5.0.0/jre --enable-libgcj-multifile --enable-java-maintainer-mode --with-ecj-jar=/usr/share/java/eclipse-ecj.jar --disable-libjava-multilib --with-ppl --with-cloog --with-tune=generic --with-arch_32=i686 --build=x86_64-redhat-linux
Thread model: posix
gcc version 4.4.7 20120313 (Red Hat 4.4.7-18) (GCC) 
configure:1770: $? = 0
configure:1772: gcc -V </dev/null >&5
gcc: '-V' option must have argument
configure:1775: $? = 1
configure:1798: checking for C compiler default output file name
configure:1801: gcc    conftest.c  >&5
configure:1804: $? = 0
configure:1850: result: a.out
configure:1855: checking whether the C compiler works
configure:1861: ./a.out
configure:1864: $? = 0
configure:1881: result: yes
configure:1888: checking whether we are cross compiling
configure:1890: result: no
configure:1893: checking for suffix of executables
configure:1895: gcc -o conftest    conftest.c  >&5
configure:1898: $? = 0
configure:1923: result: 
configure:1929: checking for suffix of object files
configure:1950: gcc -c   conftest.c >&5
configure:1953: $? = 0
configure:1975: result: o
configure:1979: checking whether we are using the GNU C compiler
configure:2003: gcc -c   conftest.c >&5
configure:2009: $? = 0
configure:2013: test -z 
			 || test ! -s conftest.err
configure:2016: $? = 0
configure:2019: test -s conftest.o
configure:2022: $? = 0
configure:2035: result: yes
configure:2041: checking whether gcc accepts -g
configure:2062: gcc -c -g  conftest.c >&5
configure:2068: $? = 0
configure:2072: test -z 
			 || test ! -s conftest.err
configure:2075: $? = 0
configure:2078: test -s conftest.o
configure:2081: $? = 0
configure:2092: result: yes
configure:2109: checking for gcc option to accept ANSI C
configure:2179: gcc  -c -g -O2  conftest.c >&5
configure:2185: $? = 0
configure:2189: test -z 
			 || test ! -s conftest.err
configure:2192: $? = 0
configure:2195: test -s conftest.o
configure:2198: $? = 0
configure:2216: result: none needed
configure:2234: gcc -c -g -O2  conftest.c >&5
conftest.c:2: error: expected '=', ',', ';', 'asm' or '__attribute__' before 'me'
configure:2240: $? = 1
configure: failed program was:
| #ifndef __cplusplus
|   choke me
| #endif
configure:2378: checking for mixed cygwin or msys and native VC++ environment
configure:2403: result: no
configure:2419: checking for mixed cygwin and native MinGW environment
configure:2437: result: no
configure:2446: checking if we mix cygwin with any native compiler
configure:2452: result: no
configure:2458: checking if we mix msys with another native compiler
configure:2464: result: no
configure:2471: checking whether make sets $(MAKE)
configure:2491: result: yes
configure:2505: checking for ld.sh
configure:2534: result: no
configure:2582: checking for ld
configure:2598: found /usr/bin/ld
configure:2609: result: ld
configure:2628: checking for rm
configure:2646: found /bin/rm
configure:2659: result: /bin/rm
configure:2695: checking for connect
configure:2752: gcc -o conftest -g -O2   conftest.c  >&5
configure:2758: $? = 0
configure:2762: test -z 
			 || test ! -s conftest.err
configure:2765: $? = 0
configure:2768: test -s conftest
configure:2771: $? = 0
configure:2783: result: yes
configure:2963: checking for gethostbyname
configure:3020: gcc -o conftest -g -O2   conftest.c  >&5
configure:3026: $? = 0
configure:3030: test -z 
			 || test ! -s conftest.err
configure:3033: $? = 0
configure:3036: test -s conftest
configure:3039: $? = 0
configure:3051: result: yes
configure:3126: checking how to run the C preprocessor
configure:3161: gcc -E  conftest.c
configure:3167: $? = 0
configure:3199: gcc -E  conftest.c
conftest.c:9:28: error: ac_nonexistent.h: No such file or directory
configure:3205: $? = 1
configure: failed program was:
| /* confdefs.h.  */
| 
| #define PACKAGE_NAME ""
| #define PACKAGE_TARNAME ""
| #define PACKAGE_VERSION ""
| #define PACKAGE_STRING ""
| #define PACKAGE_BUGREPORT ""
| /* end confdefs.h.  */
| #include <ac_nonexistent.h>
configure:3244: result: gcc -E
configure:3268: gcc -E  conftest.c
configure:3274: $? = 0
configure:3306: gcc -E  conftest.c
conftest.c:9:28: error: ac_nonexistent.h: No such file or directory
configure:3312: $? = 1
configure: failed program was:
| /* confdefs.h.  */
| 
| #define PACKAGE_NAME ""
| #define PACKAGE_TARNAME ""
| #define PACKAGE_VERSION ""
| #define PACKAGE_STRING ""
| #define PACKAGE_BUGREPORT ""
| /* end confdefs.h.  */
| #include <ac_nonexistent.h>
configure:3356: checking for egrep
configure:3366: result: grep -E
configure:3371: checking for ANSI C header files
configure:3396: gcc -c -g -O2  conftest.c >&5
configure:3402: $? = 0
configure:3406: test -z 
			 || test ! -s conftest.err
configure:3409: $? = 0
configure:3412: test -s conftest.o
configure:3415: $? = 0
configure:3504: gcc -o conftest -g -O2   conftest.c  >&5
conftest.c: In function 'main':
conftest.c:26: warning: incompatible implicit declaration of built-in function 'exit'
configure:3507: $? = 0
configure:3509: ./conftest
configure:3512: $? = 0
configure:3527: result: yes
configure:3551: checking for sys/types.h
configure:3567: gcc -c -g -O2  conftest.c >&5
configure:3573: $? = 0
configure:3577: test -z 
			 || test ! -s conftest.err
configure:3580: $? = 0
configure:3583: test -s conftest.o
configure:3586: $? = 0
configure:3597: result: yes
configure:3551: checking for sys/stat.h
configure:3567: gcc -c -g -O2  conftest.c >&5
configure:3573: $? = 0
configure:3577: test -z 
			 || test ! -s conftest.err
configure:3580: $? = 0
configure:3583: test -s conftest.o
configure:3586: $? = 0
configure:3597: result: yes
configure:3551: checking for stdlib.h
configure:3567: gcc -c -g -O2  conftest.c >&5
configure:3573: $? = 0
configure:3577: test -z 
			 || test ! -s conftest.err
configure:3580: $? = 0
configure:3583: test -s conftest.o
configure:3586: $? = 0
configure:3597: result: yes
configure:3551: checking for string.h
configure:3567: gcc -c -g -O2  conftest.c >&5
configure:3573: $? = 0
configure:3577: test -z 
			 || test ! -s conftest.err
configure:3580: $? = 0
configure:3583: test -s conftest.o
configure:3586: $? = 0
configure:3597: result: yes
configure:3551: checking for memory.h
configure:3567: gcc -c -g -O2  conftest.c >&5
configure:3573: $? = 0
configure:3577: test -z 
			 || test ! -s conftest.err
configure:3580: $? = 0
configure:3583: test -s conftest.o
configure:3586: $? = 0
configure:3597: result: yes
configure:3551: checking for strings.h
configure:3567: gcc -c -g -O2  conftest.c >&5
configure:3573: $? = 0
configure:3577: test -z 
			 || test ! -s conftest.err
configure:3580: $? = 0
configure:3583: test -s conftest.o
configure:3586: $? = 0
configure:3597: result: yes
configure:3551: checking for inttypes.h
configure:3567: gcc -c -g -O2  conftest.c >&5
configure:3573: $? = 0
configure:3577: test -z 
			 || test ! -s conftest.err
configure:3580: $? = 0
configure:3583: test -s conftest.o
configure:3586: $? = 0
configure:3597: result: yes
configure:3551: checking for stdint.h
configure:3567: gcc -c -g -O2  conftest.c >&5
configure:3573: $? = 0
configure:3577: test -z 
			 || test ! -s conftest.err
configure:3580: $? = 0
configure:3583: test -s conftest.o
configure:3586: $? = 0
configure:3597: result: yes
configure:3551: checking for unistd.h
configure:3567: gcc -c -g -O2  conftest.c >&5
configure:3573: $? = 0
configure:3577: test -z 
			 || test ! -s conftest.err
configure:3580: $? = 0
configure:3583: test -s conftest.o
configure:3586: $? = 0
configure:3597: result: yes
configure:3628: checking fcntl.h usability
configure:3640: gcc -c -g -O2  conftest.c >&5
configure:3646: $? = 0
configure:3650: test -z 
			 || test ! -s conftest.err
configure:3653: $? = 0
configure:3656: test -s conftest.o
configure:3659: $? = 0
configure:3669: result: yes
configure:3673: checking fcntl.h presence
configure:3683: gcc -E  conftest.c
configure:3689: $? = 0
configure:3709: result: yes
configure:3744: checking for fcntl.h
configure:3751: result: yes
configure:3628: checking netdb.h usability
configure:3640: gcc -c -g -O2  conftest.c >&5
configure:3646: $? = 0
configure:3650: test -z 
			 || test ! -s conftest.err
configure:3653: $? = 0
configure:3656: test -s conftest.o
configure:3659: $? = 0
configure:3669: result: yes
configure:3673: checking netdb.h presence
configure:3683: gcc -E  conftest.c
configure:3689: $? = 0
configure:3709: result: yes
configure:3744: checking for netdb.h
configure:3751: result: yes
configure:3619: checking for stdlib.h
configure:3624: result: yes
configure:3619: checking for string.h
configure:3624: result: yes
configure:3628: checking sys/socket.h usability
configure:3640: gcc -c -g -O2  conftest.c >&5
configure:3646: $? = 0
configure:3650: test -z 
			 || test ! -s conftest.err
configure:3653: $? = 0
configure:3656: test -s conftest.o
configure:3659: $? = 0
configure:3669: result: yes
configure:3673: checking sys/socket.h presence
configure:3683: gcc -E  conftest.c
configure:3689: $? = 0
configure:3709: result: yes
configure:3744: checking for sys/socket.h
configure:3751: result: yes
configure:3628: checking winsock2.h usability
configure:3640: gcc -c -g -O2  conftest.c >&5
conftest.c:58:22: error: winsock2.h: No such file or directory
configure:3646: $? = 1
configure: failed program was:
| /* confdefs.h.  */
| 
| #define PACKAGE_NAME ""
| #define PACKAGE_TARNAME ""
| #define PACKAGE_VERSION ""
| #define PACKAGE_STRING ""
| #define PACKAGE_BUGREPORT ""
| #define STDC_HEADERS 1
| #define HAVE_SYS_TYPES_H 1
| #define HAVE_SYS_STAT_H 1
| #define HAVE_STDLIB_H 1
| #define HAVE_STRING_H 1
| #define HAVE_MEMORY_H 1
| #define HAVE_STRINGS_H 1
| #define HAVE_INTTYPES_H 1
| #define HAVE_STDINT_H 1
| #define HAVE_UNISTD_H 1
| #define HAVE_FCNTL_H 1
| #define HAVE_NETDB_H 1
| #define HAVE_STDLIB_H 1
| #define HAVE_STRING_H 1
| #define HAVE_SYS_SOCKET_H 1
| /* end confdefs.h.  */
| #include <stdio.h>
| #if HAVE_SYS_TYPES_H
| # include <sys/types.h>
| #endif
| #if HAVE_SYS_STAT_H
| # include <sys/stat.h>
| #endif
| #if STDC_HEADERS
| # include <stdlib.h>
| # include <stddef.h>
| #else
| # if HAVE_STDLIB_H
| #  include <stdlib.h>
| # endif
| #endif
| #if HAVE_STRING_H
| # if !STDC_HEADERS && HAVE_MEMORY_H
| #  include <memory.h>
| # endif
| # include <string.h>
| #endif
| #if HAVE_STRINGS_H
| # include <strings.h>
| #endif
| #if HAVE_INTTYPES_H
| # include <inttypes.h>
| #else
| # if HAVE_STDINT_H
| #  include <stdint.h>
| # endif
| #endif
| #if HAVE_UNISTD_H
| # include <unistd.h>
| #endif
| #include <winsock2.h>
configure:3669: result: no
configure:3673: checking winsock2.h presence
configure:3683: gcc -E  conftest.c
conftest.c:24:22: error: winsock2.h: No such file or directory
configure:3689: $? = 1
configure: failed program was:
| /* confdefs.h.  */
| 
| #define PACKAGE_NAME ""
| #define PACKAGE_TARNAME ""
| #define PACKAGE_VERSION ""
| #define PACKAGE_STRING ""
| #define PACKAGE_BUGREPORT ""
| #define STDC_HEADERS 1
| #define HAVE_SYS_TYPES_H 1
| #define HAVE_SYS_STAT_H 1
| #define HAVE_STDLIB_H 1
| #define HAVE_STRING_H 1
| #define HAVE_MEMORY_H 1
| #define HAVE_STRINGS_H 1
| #define HAVE_INTTYPES_H 1
| #define HAVE_STDINT_H 1
| #define HAVE_UNISTD_H 1
| #define HAVE_FCNTL_H 1
| #define HAVE_NETDB_H 1
| #define HAVE_STDLIB_H 1
| #define HAVE_STRING_H 1
| #define HAVE_SYS_SOCKET_H 1
| /* end confdefs.h.  */
| #include <winsock2.h>
configure:3709: result: no
configure:3744: checking for winsock2.h
configure:3751: result: no
configure:3778: checking windows.h usability
configure:3790: gcc -c -g -O2  conftest.c >&5
conftest.c:58:21: error: windows.h: No such file or directory
configure:3796: $? = 1
configure: failed program was:
| /* confdefs.h.  */
| 
| #define PACKAGE_NAME ""
| #define PACKAGE_TARNAME ""
| #define PACKAGE_VERSION ""
| #define PACKAGE_STRING ""
| #define PACKAGE_BUGREPORT ""
| #define STDC_HEADERS 1
| #define HAVE_SYS_TYPES_H 1
| #define HAVE_SYS_STAT_H 1
| #define HAVE_STDLIB_H 1
| #define HAVE_STRING_H 1
| #define HAVE_MEMORY_H 1
| #define HAVE_STRINGS_H 1
| #define HAVE_INTTYPES_H 1
| #define HAVE_STDINT_H 1
| #define HAVE_UNISTD_H 1
| #define HAVE_FCNTL_H 1
| #define HAVE_NETDB_H 1
| #define HAVE_STDLIB_H 1
| #define HAVE_STRING_H 1
| #define HAVE_SYS_SOCKET_H 1
| /* end confdefs.h.  */
| #include <stdio.h>
| #if HAVE_SYS_TYPES_H
| # include <sys/types.h>
| #endif
| #if HAVE_SYS_STAT_H
| # include <sys/stat.h>
| #endif
| #if STDC_HEADERS
| # include <stdlib.h>
| # include <stddef.h>
| #else
| # if HAVE_STDLIB_H
| #  include <stdlib.h>
| # endif
| #endif
| #if HAVE_STRING_H
| # if !STDC_HEADERS && HAVE_MEMORY_H
| #  include <memory.h>
| # endif
| # include <string.h>
| #endif
| #if HAVE_STRINGS_H
| # include <strings.h>
| #endif
| #if HAVE_INTTYPES_H
| # include <inttypes.h>
| #else
| # if HAVE_STDINT_H
| #  include <stdint.h>
| # endif
| #endif
| #if HAVE_UNISTD_H
| # include <unistd.h>
| #endif
| #include <windows.h>
configure:3819: result: no
configure:3823: checking windows.h presence
configure:3833: gcc -E  conftest.c
conftest.c:24:21: error: windows.h: No such file or directory
configure:3839: $? = 1
configure: failed program was:
| /* confdefs.h.  */
| 
| #define PACKAGE_NAME ""
| #define PACKAGE_TARNAME ""
| #define PACKAGE_VERSION ""
| #define PACKAGE_STRING ""
| #define PACKAGE_BUGREPORT ""
| #define STDC_HEADERS 1
| #define HAVE_SYS_TYPES_H 1
| #define HAVE_SYS_STAT_H 1
| #define HAVE_STDLIB_H 1
| #define HAVE_STRING_H 1
| #define HAVE_MEMORY_H 1
| #define HAVE_STRINGS_H 1
| #define HAVE_INTTYPES_H 1
| #define HAVE_STDINT_H 1
| #define HAVE_UNISTD_H 1
| #define HAVE_FCNTL_H 1
| #define HAVE_NETDB_H 1
| #define HAVE_STDLIB_H 1
| #define HAVE_STRING_H 1
| #define HAVE_SYS_SOCKET_H 1
| /* end confdefs.h.  */
| #include <windows.h>
configure:3859: result: no
configure:3894: checking for windows.h
configure:3901: result: no
configure:3919: checking for sql.h
configure:3938: gcc -c -g -O2  conftest.c >&5
configure:3944: $? = 0
configure:3948: test -z 
			 || test ! -s conftest.err
configure:3951: $? = 0
configure:3954: test -s conftest.o
configure:3957: $? = 0
configure:3968: result: yes
configure:3919: checking for sqlext.h
configure:3938: gcc -c -g -O2  conftest.c >&5
configure:3944: $? = 0
configure:3948: test -z 
			 || test ! -s conftest.err
configure:3951: $? = 0
configure:3954: test -s conftest.o
configure:3957: $? = 0
configure:3968: result: yes
configure:3982: checking for an ANSI C-conforming const
configure:4049: gcc -c -g -O2  conftest.c >&5
configure:4055: $? = 0
configure:4059: test -z 
			 || test ! -s conftest.err
configure:4062: $? = 0
configure:4065: test -s conftest.o
configure:4068: $? = 0
configure:4079: result: yes
configure:4089: checking for size_t
configure:4113: gcc -c -g -O2  conftest.c >&5
configure:4119: $? = 0
configure:4123: test -z 
			 || test ! -s conftest.err
configure:4126: $? = 0
configure:4129: test -s conftest.o
configure:4132: $? = 0
configure:4143: result: yes
configure:4155: checking for struct sockaddr_in6.sin6_addr
configure:4184: gcc -c -g -O2  conftest.c >&5
conftest.c: In function 'main':
conftest.c:37: error: used struct type value where scalar is required
configure:4190: $? = 1
configure: failed program was:
| /* confdefs.h.  */
| 
| #define PACKAGE_NAME ""
| #define PACKAGE_TARNAME ""
| #define PACKAGE_VERSION ""
| #define PACKAGE_STRING ""
| #define PACKAGE_BUGREPORT ""
| #define STDC_HEADERS 1
| #define HAVE_SYS_TYPES_H 1
| #define HAVE_SYS_STAT_H 1
| #define HAVE_STDLIB_H 1
| #define HAVE_STRING_H 1
| #define HAVE_MEMORY_H 1
| #define HAVE_STRINGS_H 1
| #define HAVE_INTTYPES_H 1
| #define HAVE_STDINT_H 1
| #define HAVE_UNISTD_H 1
| #define HAVE_FCNTL_H 1
| #define HAVE_NETDB_H 1
| #define HAVE_STDLIB_H 1
| #define HAVE_STRING_H 1
| #define HAVE_SYS_SOCKET_H 1
| #define HAVE_SQL_H 1
| #define HAVE_SQLEXT_H 1
| /* end confdefs.h.  */
| #if HAVE_WINSOCK2_H
| 			  #include <winsock2.h>
| 			  #include <ws2tcpip.h>
| 			  #else
| 			  #include <netinet/in.h>
| 			  #endif
| 
| int
| main ()
| {
| static struct sockaddr_in6 ac_aggr;
| if (ac_aggr.sin6_addr)
| return 0;
|   ;
|   return 0;
| }
configure:4234: gcc -c -g -O2  conftest.c >&5
configure:4240: $? = 0
configure:4244: test -z 
			 || test ! -s conftest.err
configure:4247: $? = 0
configure:4250: test -s conftest.o
configure:4253: $? = 0
configure:4266: result: yes
configure:4283: checking for memset
configure:4340: gcc -o conftest -g -O2   conftest.c  >&5
conftest.c:51: warning: conflicting types for built-in function 'memset'
configure:4346: $? = 0
configure:4350: test -z 
			 || test ! -s conftest.err
configure:4353: $? = 0
configure:4356: test -s conftest
configure:4359: $? = 0
configure:4371: result: yes
configure:4283: checking for socket
configure:4340: gcc -o conftest -g -O2   conftest.c  >&5
configure:4346: $? = 0
configure:4350: test -z 
			 || test ! -s conftest.err
configure:4353: $? = 0
configure:4356: test -s conftest
configure:4359: $? = 0
configure:4371: result: yes
configure:4389: checking for native win32 threads
configure:4399: result: no
configure:4407: checking for pthread_create in -lpthread
configure:4437: gcc -o conftest -g -O2   conftest.c -lpthread   >&5
configure:4443: $? = 0
configure:4447: test -z 
			 || test ! -s conftest.err
configure:4450: $? = 0
configure:4453: test -s conftest
configure:4456: $? = 0
configure:4469: result: yes
configure:4721: checking for getconf
configure:4737: found /usr/bin/getconf
configure:4748: result: getconf
configure:4889: checking for Native POSIX Thread Library
configure:4908: result: yes
configure:4928: checking nptl/pthread.h usability
configure:4940: gcc -c -g -O2  conftest.c >&5
conftest.c:63:26: error: nptl/pthread.h: No such file or directory
configure:4946: $? = 1
configure: failed program was:
| /* confdefs.h.  */
| 
| #define PACKAGE_NAME ""
| #define PACKAGE_TARNAME ""
| #define PACKAGE_VERSION ""
| #define PACKAGE_STRING ""
| #define PACKAGE_BUGREPORT ""
| #define STDC_HEADERS 1
| #define HAVE_SYS_TYPES_H 1
| #define HAVE_SYS_STAT_H 1
| #define HAVE_STDLIB_H 1
| #define HAVE_STRING_H 1
| #define HAVE_MEMORY_H 1
| #define HAVE_STRINGS_H 1
| #define HAVE_INTTYPES_H 1
| #define HAVE_STDINT_H 1
| #define HAVE_UNISTD_H 1
| #define HAVE_FCNTL_H 1
| #define HAVE_NETDB_H 1
| #define HAVE_STDLIB_H 1
| #define HAVE_STRING_H 1
| #define HAVE_SYS_SOCKET_H 1
| #define HAVE_SQL_H 1
| #define HAVE_SQLEXT_H 1
| #define HAVE_STRUCT_SOCKADDR_IN6_SIN6_ADDR 1
| #define HAVE_MEMSET 1
| #define HAVE_SOCKET 1
| /* end confdefs.h.  */
| #include <stdio.h>
| #if HAVE_SYS_TYPES_H
| # include <sys/types.h>
| #endif
| #if HAVE_SYS_STAT_H
| # include <sys/stat.h>
| #endif
| #if STDC_HEADERS
| # include <stdlib.h>
| # include <stddef.h>
| #else
| # if HAVE_STDLIB_H
| #  include <stdlib.h>
| # endif
| #endif
| #if HAVE_STRING_H
| # if !STDC_HEADERS && HAVE_MEMORY_H
| #  include <memory.h>
| # endif
| # include <string.h>
| #endif
| #if HAVE_STRINGS_H
| # include <strings.h>
| #endif
| #if HAVE_INTTYPES_H
| # include <inttypes.h>
| #else
| # if HAVE_STDINT_H
| #  include <stdint.h>
| # endif
| #endif
| #if HAVE_UNISTD_H
| # include <unistd.h>
| #endif
| #include <nptl/pthread.h>
configure:4969: result: no
configure:4973: checking nptl/pthread.h presence
configure:4983: gcc -E  conftest.c
conftest.c:29:26: error: nptl/pthread.h: No such file or directory
configure:4989: $? = 1
configure: failed program was:
| /* confdefs.h.  */
| 
| #define PACKAGE_NAME ""
| #define PACKAGE_TARNAME ""
| #define PACKAGE_VERSION ""
| #define PACKAGE_STRING ""
| #define PACKAGE_BUGREPORT ""
| #define STDC_HEADERS 1
| #define HAVE_SYS_TYPES_H 1
| #define HAVE_SYS_STAT_H 1
| #define HAVE_STDLIB_H 1
| #define HAVE_STRING_H 1
| #define HAVE_MEMORY_H 1
| #define HAVE_STRINGS_H 1
| #define HAVE_INTTYPES_H 1
| #define HAVE_STDINT_H 1
| #define HAVE_UNISTD_H 1
| #define HAVE_FCNTL_H 1
| #define HAVE_NETDB_H 1
| #define HAVE_STDLIB_H 1
| #define HAVE_STRING_H 1
| #define HAVE_SYS_SOCKET_H 1
| #define HAVE_SQL_H 1
| #define HAVE_SQLEXT_H 1
| #define HAVE_STRUCT_SOCKADDR_IN6_SIN6_ADDR 1
| #define HAVE_MEMSET 1
| #define HAVE_SOCKET 1
| /* end confdefs.h.  */
| #include <nptl/pthread.h>
configure:5009: result: no
configure:5044: checking for nptl/pthread.h
configure:5051: result: no
configure:5257: checking pthread.h usability
configure:5269: gcc -c -g -O2   -D_THREAD_SAFE -D_REENTRANT -DPOSIX_THREADS -D_POSIX_THREAD_SAFE_FUNCTIONS conftest.c >&5
configure:5275: $? = 0
configure:5279: test -z 
			 || test ! -s conftest.err
configure:5282: $? = 0
configure:5285: test -s conftest.o
configure:5288: $? = 0
configure:5298: result: yes
configure:5302: checking pthread.h presence
configure:5312: gcc -E   -D_THREAD_SAFE -D_REENTRANT -DPOSIX_THREADS -D_POSIX_THREAD_SAFE_FUNCTIONS conftest.c
configure:5318: $? = 0
configure:5338: result: yes
configure:5373: checking for pthread.h
configure:5380: result: yes
configure:5404: checking pthread/mit/pthread.h usability
configure:5416: gcc -c -g -O2   -D_THREAD_SAFE -D_REENTRANT -DPOSIX_THREADS -D_POSIX_THREAD_SAFE_FUNCTIONS conftest.c >&5
conftest.c:64:33: error: pthread/mit/pthread.h: No such file or directory
configure:5422: $? = 1
configure: failed program was:
| /* confdefs.h.  */
| 
| #define PACKAGE_NAME ""
| #define PACKAGE_TARNAME ""
| #define PACKAGE_VERSION ""
| #define PACKAGE_STRING ""
| #define PACKAGE_BUGREPORT ""
| #define STDC_HEADERS 1
| #define HAVE_SYS_TYPES_H 1
| #define HAVE_SYS_STAT_H 1
| #define HAVE_STDLIB_H 1
| #define HAVE_STRING_H 1
| #define HAVE_MEMORY_H 1
| #define HAVE_STRINGS_H 1
| #define HAVE_INTTYPES_H 1
| #define HAVE_STDINT_H 1
| #define HAVE_UNISTD_H 1
| #define HAVE_FCNTL_H 1
| #define HAVE_NETDB_H 1
| #define HAVE_STDLIB_H 1
| #define HAVE_STRING_H 1
| #define HAVE_SYS_SOCKET_H 1
| #define HAVE_SQL_H 1
| #define HAVE_SQLEXT_H 1
| #define HAVE_STRUCT_SOCKADDR_IN6_SIN6_ADDR 1
| #define HAVE_MEMSET 1
| #define HAVE_SOCKET 1
| #define HAVE_PTHREAD_H 1
| /* end confdefs.h.  */
| #include <stdio.h>
| #if HAVE_SYS_TYPES_H
| # include <sys/types.h>
| #endif
| #if HAVE_SYS_STAT_H
| # include <sys/stat.h>
| #endif
| #if STDC_HEADERS
| # include <stdlib.h>
| # include <stddef.h>
| #else
| # if HAVE_STDLIB_H
| #  include <stdlib.h>
| # endif
| #endif
| #if HAVE_STRING_H
| # if !STDC_HEADERS && HAVE_MEMORY_H
| #  include <memory.h>
| # endif
| # include <string.h>
| #endif
| #if HAVE_STRINGS_H
| # include <strings.h>
| #endif
| #if HAVE_INTTYPES_H
| # include <inttypes.h>
| #else
| # if HAVE_STDINT_H
| #  include <stdint.h>
| # endif
| #endif
| #if HAVE_UNISTD_H
| # include <unistd.h>
| #endif
| #include <pthread/mit/pthread.h>
configure:5445: result: no
configure:5449: checking pthread/mit/pthread.h presence
configure:5459: gcc -E   -D_THREAD_SAFE -D_REENTRANT -DPOSIX_THREADS -D_POSIX_THREAD_SAFE_FUNCTIONS conftest.c
conftest.c:30:33: error: pthread/mit/pthread.h: No such file or directory
configure:5465: $? = 1
configure: failed program was:
| /* confdefs.h.  */
| 
| #define PACKAGE_NAME ""
| #define PACKAGE_TARNAME ""
| #define PACKAGE_VERSION ""
| #define PACKAGE_STRING ""
| #define PACKAGE_BUGREPORT ""
| #define STDC_HEADERS 1
| #define HAVE_SYS_TYPES_H 1
| #define HAVE_SYS_STAT_H 1
| #define HAVE_STDLIB_H 1
| #define HAVE_STRING_H 1
| #define HAVE_MEMORY_H 1
| #define HAVE_STRINGS_H 1
| #define HAVE_INTTYPES_H 1
| #define HAVE_STDINT_H 1
| #define HAVE_UNISTD_H 1
| #define HAVE_FCNTL_H 1
| #define HAVE_NETDB_H 1
| #define HAVE_STDLIB_H 1
| #define HAVE_STRING_H 1
| #define HAVE_SYS_SOCKET_H 1
| #define HAVE_SQL_H 1
| #define HAVE_SQLEXT_H 1
| #define HAVE_STRUCT_SOCKADDR_IN6_SIN6_ADDR 1
| #define HAVE_MEMSET 1
| #define HAVE_SOCKET 1
| #define HAVE_PTHREAD_H 1
| /* end confdefs.h.  */
| #include <pthread/mit/pthread.h>
configure:5485: result: no
configure:5520: checking for pthread/mit/pthread.h
configure:5527: result: no
configure:5784: checking for void *
configure:5808: gcc -c -g -O2  conftest.c >&5
configure:5814: $? = 0
configure:5818: test -z 
			 || test ! -s conftest.err
configure:5821: $? = 0
configure:5824: test -s conftest.o
configure:5827: $? = 0
configure:5838: result: yes
configure:5841: checking size of void *
configure:6160: gcc -o conftest -g -O2   conftest.c  >&5
configure:6163: $? = 0
configure:6165: ./conftest
configure:6168: $? = 0
configure:6191: result: 8
configure:6198: checking for odbc in standard locations
configure:6224: result: -L/usr/lib64
configure:6226: checking for SQLAllocHandle in -lodbc
configure:6256: gcc -o conftest -g -O2   conftest.c -lodbc   >&5
configure:6262: $? = 0
configure:6266: test -z 
			 || test ! -s conftest.err
configure:6269: $? = 0
configure:6272: test -s conftest
configure:6275: $? = 0
configure:6288: result: yes
configure:6391: checking if we can add -Werror=return-type to CFLAGS (via CFLAGS)
configure:6411: gcc -c -Werror=return-type -g -O2  conftest.c >&5
configure:6417: $? = 0
configure:6421: test -z 
			 || test ! -s conftest.err
configure:6424: $? = 0
configure:6427: test -s conftest.o
configure:6430: $? = 0
configure:6442: result: yes
configure:6595: creating ./config.status

## ---------------------- ##
## Running config.status. ##
## ---------------------- ##

This file was extended by config.status, which was
generated by GNU Autoconf 2.59.  Invocation command line was

  CONFIG_FILES    = 
  CONFIG_HEADERS  = 
  CONFIG_LINKS    = 
  CONFIG_COMMANDS = 
  $ ./config.status 

on localhost.localdomain

config.status:658: creating c_src/x86_64-unknown-linux-gnu/Makefile

## ---------------- ##
## Cache variables. ##
## ---------------- ##

ac_cv_build=x86_64-unknown-linux-gnu
ac_cv_build_alias=x86_64-unknown-linux-gnu
ac_cv_c_compiler_gnu=yes
ac_cv_c_const=yes
ac_cv_env_CC_set=
ac_cv_env_CC_value=
ac_cv_env_CFLAGS_set=
ac_cv_env_CFLAGS_value=
ac_cv_env_CPPFLAGS_set=
ac_cv_env_CPPFLAGS_value=
ac_cv_env_CPP_set=
ac_cv_env_CPP_value=
ac_cv_env_LDFLAGS_set=
ac_cv_env_LDFLAGS_value=
ac_cv_env_build_alias_set=
ac_cv_env_build_alias_value=
ac_cv_env_host_alias_set=
ac_cv_env_host_alias_value=
ac_cv_env_target_alias_set=
ac_cv_env_target_alias_value=
ac_cv_exeext=
ac_cv_func_connect=yes
ac_cv_func_gethostbyname=yes
ac_cv_func_memset=yes
ac_cv_func_socket=yes
ac_cv_header_fcntl_h=yes
ac_cv_header_inttypes_h=yes
ac_cv_header_memory_h=yes
ac_cv_header_netdb_h=yes
ac_cv_header_nptl_pthread_h=no
ac_cv_header_pthread_h=yes
ac_cv_header_pthread_mit_pthread_h=no
ac_cv_header_sql_h=yes
ac_cv_header_sqlext_h=yes
ac_cv_header_stdc=yes
ac_cv_header_stdint_h=yes
ac_cv_header_stdlib_h=yes
ac_cv_header_string_h=yes
ac_cv_header_strings_h=yes
ac_cv_header_sys_socket_h=yes
ac_cv_header_sys_stat_h=yes
ac_cv_header_sys_types_h=yes
ac_cv_header_unistd_h=yes
ac_cv_header_windows_h=no
ac_cv_header_winsock2_h=no
ac_cv_host=x86_64-unknown-linux-gnu
ac_cv_host_alias=x86_64-unknown-linux-gnu
ac_cv_lib_odbc_SQLAllocHandle=yes
ac_cv_lib_pthread_pthread_create=yes
ac_cv_member_struct_sockaddr_in6_sin6_addr=yes
ac_cv_objext=o
ac_cv_path_RM=/bin/rm
ac_cv_prog_CPP='gcc -E'
ac_cv_prog_GETCONF=getconf
ac_cv_prog_ac_ct_CC=gcc
ac_cv_prog_ac_ct_LD=ld
ac_cv_prog_cc_g=yes
ac_cv_prog_cc_stdc=
ac_cv_prog_egrep='grep -E'
ac_cv_prog_make_make_set=yes
ac_cv_sizeof_void_p=8
ac_cv_type_size_t=yes
ac_cv_type_void_p=yes

## ----------------- ##
## Output variables. ##
## ----------------- ##

CC='gcc'
CFLAGS='-Werror=return-type -g -O2'
CPP='gcc -E'
CPPFLAGS=''
DEFS='-DPACKAGE_NAME=\"\" -DPACKAGE_TARNAME=\"\" -DPACKAGE_VERSION=\"\" -DPACKAGE_STRING=\"\" -DPACKAGE_BUGREPORT=\"\" -DSTDC_HEADERS=1 -DHAVE_SYS_TYPES_H=1 -DHAVE_SYS_STAT_H=1 -DHAVE_STDLIB_H=1 -DHAVE_STRING_H=1 -DHAVE_MEMORY_H=1 -DHAVE_STRINGS_H=1 -DHAVE_INTTYPES_H=1 -DHAVE_STDINT_H=1 -DHAVE_UNISTD_H=1 -DHAVE_FCNTL_H=1 -DHAVE_NETDB_H=1 -DHAVE_STDLIB_H=1 -DHAVE_STRING_H=1 -DHAVE_SYS_SOCKET_H=1 -DHAVE_SQL_H=1 -DHAVE_SQLEXT_H=1 -DHAVE_STRUCT_SOCKADDR_IN6_SIN6_ADDR=1 -DHAVE_MEMSET=1 -DHAVE_SOCKET=1 -DHAVE_PTHREAD_H=1 -DSIZEOF_VOID_P=8 '
ECHO_C=''
ECHO_N='-n'
ECHO_T=''
EGREP='grep -E'
EXEEXT=''
GETCONF='getconf'
LD='ld'
LDFLAGS=''
LIBOBJS=''
LIBS=''
LTLIBOBJS=''
MIXED_CYGWIN='no'
MIXED_CYGWIN_MINGW='no'
MIXED_CYGWIN_VC='no'
MIXED_MSYS='no'
MIXED_MSYS_VC='no'
MIXED_VC='no'
OBJEXT='o'
ODBC_INCLUDE='-I/usr/include'
ODBC_LIB='-L/usr/lib64 -lodbc'
PACKAGE_BUGREPORT=''
PACKAGE_NAME=''
PACKAGE_STRING=''
PACKAGE_TARNAME=''
PACKAGE_VERSION=''
PATH_SEPARATOR=':'
RM='/bin/rm'
SET_MAKE=''
SHELL='/bin/sh'
TARGET_FLAGS='-DUNIX'
THR_DEFS=' -D_THREAD_SAFE -D_REENTRANT -DPOSIX_THREADS -D_POSIX_THREAD_SAFE_FUNCTIONS'
THR_LIBS='-lpthread'
ac_ct_CC='gcc'
ac_ct_LD='ld'
ac_pt_GETCONF=''
bindir='${exec_prefix}/bin'
build='x86_64-unknown-linux-gnu'
build_alias=''
build_cpu='x86_64'
build_os='linux-gnu'
build_vendor='unknown'
datadir='${prefix}/share'
exec_prefix='${prefix}'
host='x86_64-unknown-linux-gnu'
host_alias=''
host_cpu='x86_64'
host_os='linux-gnu'
host_vendor='unknown'
includedir='${prefix}/include'
infodir='${prefix}/info'
libdir='/usr/lib64'
libexecdir='${exec_prefix}/libexec'
localstatedir='${prefix}/var'
mandir='${prefix}/man'
oldincludedir='/usr/include'
prefix='/usr/local'
program_transform_name='s,x,x,'
sbindir='${exec_prefix}/sbin'
sharedstatedir='${prefix}/com'
sysconfdir='${prefix}/etc'
target_alias=''

## ----------- ##
## confdefs.h. ##
## ----------- ##

#define HAVE_FCNTL_H 1
#define HAVE_INTTYPES_H 1
#define HAVE_MEMORY_H 1
#define HAVE_MEMSET 1
#define HAVE_NETDB_H 1
#define HAVE_PTHREAD_H 1
#define HAVE_SOCKET 1
#define HAVE_SQLEXT_H 1
#define HAVE_SQL_H 1
#define HAVE_STDINT_H 1
#define HAVE_STDLIB_H 1
#define HAVE_STDLIB_H 1
#define HAVE_STRINGS_H 1
#define HAVE_STRING_H 1
#define HAVE_STRING_H 1
#define HAVE_STRUCT_SOCKADDR_IN6_SIN6_ADDR 1
#define HAVE_SYS_SOCKET_H 1
#define HAVE_SYS_STAT_H 1
#define HAVE_SYS_TYPES_H 1
#define HAVE_UNISTD_H 1
#define PACKAGE_BUGREPORT ""
#define PACKAGE_NAME ""
#define PACKAGE_STRING ""
#define PACKAGE_TARNAME ""
#define PACKAGE_VERSION ""
#define SIZEOF_VOID_P 8
#define STDC_HEADERS 1

configure: exit 0
