This file contains any messages produced by compilers while
running configure, to aid debugging if configure makes a mistake.

It was created by configure, which was
generated by GNU Autoconf 2.59.  Invocation command line was

  $ /root/download/otp_src_20.0/lib/wx/./configure --prefix=/usr/local --prefix=/usr/local --enable-smp-support --enable-hipe --enable-threads --enable-kernel-poll --enable-native-libs --enable-shared-zlib --enable-lock-counter ERL_TOP=/root/download/otp_src_20.0 --cache-file=/dev/null --srcdir=/root/download/otp_src_20.0/lib --cache-file=/dev/null --srcdir=/root/download/otp_src_20.0/lib/wx/.

## --------- ##
## Platform. ##
## --------- ##

hostname = localhost.localdomain
uname -m = x86_64
uname -r = 2.6.32-696.3.2.el6.x86_64
uname -s = Linux
uname -v = #1 SMP Tue Jun 20 01:26:55 UTC 2017

/usr/bin/uname -p = unknown
/bin/uname -X     = unknown

/bin/arch              = x86_64
/usr/bin/arch -k       = unknown
/usr/convex/getsysinfo = unknown
hostinfo               = unknown
/bin/machine           = unknown
/usr/bin/oslevel       = unknown
/bin/universe          = unknown

PATH: /root/.autojump/bin
PATH: /root/.autojump/bin
PATH: /usr/lib64/qt-3.3/bin
PATH: /usr/local/sbin
PATH: /usr/sbin
PATH: /sbin
PATH: /usr/local/bin
PATH: /usr/bin
PATH: /bin
PATH: /root/bin
PATH: /usr/local/share/java/jdk1.8.0_131/bin
PATH: /usr/local/share/java/jdk1.8.0_131/jre/bin


## ----------- ##
## Core tests. ##
## ----------- ##

configure:1442: checking build system type
configure:1460: result: x86_64-unknown-linux-gnu
configure:1468: checking host system type
configure:1482: result: x86_64-unknown-linux-gnu
configure:1553: checking for gcc
configure:1569: found /usr/bin/gcc
configure:1579: result: gcc
configure:1823: checking for C compiler version
configure:1826: gcc --version </dev/null >&5
gcc (GCC) 4.4.7 20120313 (Red Hat 4.4.7-18)
Copyright (C) 2010 Free Software Foundation, Inc.
This is free software; see the source for copying conditions.  There is NO
warranty; not even for MERCHANTABILITY or FITNESS FOR A PARTICULAR PURPOSE.

configure:1829: $? = 0
configure:1831: gcc -v </dev/null >&5
Using built-in specs.
Target: x86_64-redhat-linux
Configured with: ../configure --prefix=/usr --mandir=/usr/share/man --infodir=/usr/share/info --with-bugurl=http://bugzilla.redhat.com/bugzilla --enable-bootstrap --enable-shared --enable-threads=posix --enable-checking=release --with-system-zlib --enable-__cxa_atexit --disable-libunwind-exceptions --enable-gnu-unique-object --enable-languages=c,c++,objc,obj-c++,java,fortran,ada --enable-java-awt=gtk --disable-dssi --with-java-home=/usr/lib/jvm/java-1.5.0-gcj-1.5.0.0/jre --enable-libgcj-multifile --enable-java-maintainer-mode --with-ecj-jar=/usr/share/java/eclipse-ecj.jar --disable-libjava-multilib --with-ppl --with-cloog --with-tune=generic --with-arch_32=i686 --build=x86_64-redhat-linux
Thread model: posix
gcc version 4.4.7 20120313 (Red Hat 4.4.7-18) (GCC) 
configure:1834: $? = 0
configure:1836: gcc -V </dev/null >&5
gcc: '-V' option must have argument
configure:1839: $? = 1
configure:1862: checking for C compiler default output file name
configure:1865: gcc    conftest.c  >&5
configure:1868: $? = 0
configure:1914: result: a.out
configure:1919: checking whether the C compiler works
configure:1925: ./a.out
configure:1928: $? = 0
configure:1945: result: yes
configure:1952: checking whether we are cross compiling
configure:1954: result: no
configure:1957: checking for suffix of executables
configure:1959: gcc -o conftest    conftest.c  >&5
configure:1962: $? = 0
configure:1987: result: 
configure:1993: checking for suffix of object files
configure:2014: gcc -c   conftest.c >&5
configure:2017: $? = 0
configure:2039: result: o
configure:2043: checking whether we are using the GNU C compiler
configure:2067: gcc -c   conftest.c >&5
configure:2073: $? = 0
configure:2077: test -z 
			 || test ! -s conftest.err
configure:2080: $? = 0
configure:2083: test -s conftest.o
configure:2086: $? = 0
configure:2099: result: yes
configure:2105: checking whether gcc accepts -g
configure:2126: gcc -c -g  conftest.c >&5
configure:2132: $? = 0
configure:2136: test -z 
			 || test ! -s conftest.err
configure:2139: $? = 0
configure:2142: test -s conftest.o
configure:2145: $? = 0
configure:2156: result: yes
configure:2173: checking for gcc option to accept ANSI C
configure:2243: gcc  -c -g -O2  conftest.c >&5
configure:2249: $? = 0
configure:2253: test -z 
			 || test ! -s conftest.err
configure:2256: $? = 0
configure:2259: test -s conftest.o
configure:2262: $? = 0
configure:2280: result: none needed
configure:2298: gcc -c -g -O2  conftest.c >&5
conftest.c:2: error: expected '=', ',', ';', 'asm' or '__attribute__' before 'me'
configure:2304: $? = 1
configure: failed program was:
| #ifndef __cplusplus
|   choke me
| #endif
configure:2489: checking for g++
configure:2505: found /usr/bin/g++
configure:2515: result: g++
configure:2531: checking for C++ compiler version
configure:2534: g++ --version </dev/null >&5
g++ (GCC) 4.4.7 20120313 (Red Hat 4.4.7-18)
Copyright (C) 2010 Free Software Foundation, Inc.
This is free software; see the source for copying conditions.  There is NO
warranty; not even for MERCHANTABILITY or FITNESS FOR A PARTICULAR PURPOSE.

configure:2537: $? = 0
configure:2539: g++ -v </dev/null >&5
Using built-in specs.
Target: x86_64-redhat-linux
Configured with: ../configure --prefix=/usr --mandir=/usr/share/man --infodir=/usr/share/info --with-bugurl=http://bugzilla.redhat.com/bugzilla --enable-bootstrap --enable-shared --enable-threads=posix --enable-checking=release --with-system-zlib --enable-__cxa_atexit --disable-libunwind-exceptions --enable-gnu-unique-object --enable-languages=c,c++,objc,obj-c++,java,fortran,ada --enable-java-awt=gtk --disable-dssi --with-java-home=/usr/lib/jvm/java-1.5.0-gcj-1.5.0.0/jre --enable-libgcj-multifile --enable-java-maintainer-mode --with-ecj-jar=/usr/share/java/eclipse-ecj.jar --disable-libjava-multilib --with-ppl --with-cloog --with-tune=generic --with-arch_32=i686 --build=x86_64-redhat-linux
Thread model: posix
gcc version 4.4.7 20120313 (Red Hat 4.4.7-18) (GCC) 
configure:2542: $? = 0
configure:2544: g++ -V </dev/null >&5
g++: '-V' option must have argument
configure:2547: $? = 1
configure:2550: checking whether we are using the GNU C++ compiler
configure:2574: g++ -c   conftest.cc >&5
configure:2580: $? = 0
configure:2584: test -z 
			 || test ! -s conftest.err
configure:2587: $? = 0
configure:2590: test -s conftest.o
configure:2593: $? = 0
configure:2606: result: yes
configure:2612: checking whether g++ accepts -g
configure:2633: g++ -c -g  conftest.cc >&5
configure:2639: $? = 0
configure:2643: test -z 
			 || test ! -s conftest.err
configure:2646: $? = 0
configure:2649: test -s conftest.o
configure:2652: $? = 0
configure:2663: result: yes
configure:2705: g++ -c -g -O2  conftest.cc >&5
configure:2711: $? = 0
configure:2715: test -z 
			 || test ! -s conftest.err
configure:2718: $? = 0
configure:2721: test -s conftest.o
configure:2724: $? = 0
configure:2750: g++ -c -g -O2  conftest.cc >&5
conftest.cc: In function 'int main()':
conftest.cc:13: error: 'exit' was not declared in this scope
configure:2756: $? = 1
configure: failed program was:
| /* confdefs.h.  */
| 
| #define PACKAGE_NAME ""
| #define PACKAGE_TARNAME ""
| #define PACKAGE_VERSION ""
| #define PACKAGE_STRING ""
| #define PACKAGE_BUGREPORT ""
| /* end confdefs.h.  */
| 
| int
| main ()
| {
| exit (42);
|   ;
|   return 0;
| }
configure:2705: g++ -c -g -O2  conftest.cc >&5
conftest.cc:9: error: 'void std::exit(int)' should have been declared inside 'std'
configure:2711: $? = 1
configure: failed program was:
| /* confdefs.h.  */
| 
| #define PACKAGE_NAME ""
| #define PACKAGE_TARNAME ""
| #define PACKAGE_VERSION ""
| #define PACKAGE_STRING ""
| #define PACKAGE_BUGREPORT ""
| /* end confdefs.h.  */
| extern "C" void std::exit (int) throw (); using std::exit;
| #include <stdlib.h>
| int
| main ()
| {
| exit (42);
|   ;
|   return 0;
| }
configure:2705: g++ -c -g -O2  conftest.cc >&5
conftest.cc:9: error: 'void std::exit(int)' should have been declared inside 'std'
In file included from conftest.cc:10:
/usr/include/stdlib.h:544: error: declaration of 'void std::exit(int) throw ()' throws different exceptions
conftest.cc:9: error: from previous declaration 'void std::exit(int)'
configure:2711: $? = 1
configure: failed program was:
| /* confdefs.h.  */
| 
| #define PACKAGE_NAME ""
| #define PACKAGE_TARNAME ""
| #define PACKAGE_VERSION ""
| #define PACKAGE_STRING ""
| #define PACKAGE_BUGREPORT ""
| /* end confdefs.h.  */
| extern "C" void std::exit (int); using std::exit;
| #include <stdlib.h>
| int
| main ()
| {
| exit (42);
|   ;
|   return 0;
| }
configure:2705: g++ -c -g -O2  conftest.cc >&5
configure:2711: $? = 0
configure:2715: test -z 
			 || test ! -s conftest.err
configure:2718: $? = 0
configure:2721: test -s conftest.o
configure:2724: $? = 0
configure:2750: g++ -c -g -O2  conftest.cc >&5
configure:2756: $? = 0
configure:2760: test -z 
			 || test ! -s conftest.err
configure:2763: $? = 0
configure:2766: test -s conftest.o
configure:2769: $? = 0
configure:2833: checking for ranlib
configure:2849: found /usr/bin/ranlib
configure:2860: result: ranlib
configure:2877: checking how to run the C preprocessor
configure:2912: gcc -E  conftest.c
configure:2918: $? = 0
configure:2950: gcc -E  conftest.c
conftest.c:12:28: error: ac_nonexistent.h: No such file or directory
configure:2956: $? = 1
configure: failed program was:
| /* confdefs.h.  */
| 
| #define PACKAGE_NAME ""
| #define PACKAGE_TARNAME ""
| #define PACKAGE_VERSION ""
| #define PACKAGE_STRING ""
| #define PACKAGE_BUGREPORT ""
| #ifdef __cplusplus
| extern "C" void exit (int) throw ();
| #endif
| /* end confdefs.h.  */
| #include <ac_nonexistent.h>
configure:2995: result: gcc -E
configure:3019: gcc -E  conftest.c
configure:3025: $? = 0
configure:3057: gcc -E  conftest.c
conftest.c:12:28: error: ac_nonexistent.h: No such file or directory
configure:3063: $? = 1
configure: failed program was:
| /* confdefs.h.  */
| 
| #define PACKAGE_NAME ""
| #define PACKAGE_TARNAME ""
| #define PACKAGE_VERSION ""
| #define PACKAGE_STRING ""
| #define PACKAGE_BUGREPORT ""
| #ifdef __cplusplus
| extern "C" void exit (int) throw ();
| #endif
| /* end confdefs.h.  */
| #include <ac_nonexistent.h>
configure:3107: Building for linux-gnu
configure:3115: checking for mixed cygwin or msys and native VC++ environment
configure:3140: result: no
configure:3156: checking for mixed cygwin and native MinGW environment
configure:3174: result: no
configure:3183: checking if we mix cygwin with any native compiler
configure:3189: result: no
configure:3195: checking if we mix msys with another native compiler
configure:3201: result: no
configure:3216: checking for egrep
configure:3226: result: grep -E
configure:3231: checking for ANSI C header files
configure:3256: gcc -c -g -O2  conftest.c >&5
configure:3262: $? = 0
configure:3266: test -z 
			 || test ! -s conftest.err
configure:3269: $? = 0
configure:3272: test -s conftest.o
configure:3275: $? = 0
configure:3364: gcc -o conftest -g -O2   conftest.c  >&5
conftest.c: In function 'main':
conftest.c:29: warning: incompatible implicit declaration of built-in function 'exit'
configure:3367: $? = 0
configure:3369: ./conftest
configure:3372: $? = 0
configure:3387: result: yes
configure:3411: checking for sys/types.h
configure:3427: gcc -c -g -O2  conftest.c >&5
configure:3433: $? = 0
configure:3437: test -z 
			 || test ! -s conftest.err
configure:3440: $? = 0
configure:3443: test -s conftest.o
configure:3446: $? = 0
configure:3457: result: yes
configure:3411: checking for sys/stat.h
configure:3427: gcc -c -g -O2  conftest.c >&5
configure:3433: $? = 0
configure:3437: test -z 
			 || test ! -s conftest.err
configure:3440: $? = 0
configure:3443: test -s conftest.o
configure:3446: $? = 0
configure:3457: result: yes
configure:3411: checking for stdlib.h
configure:3427: gcc -c -g -O2  conftest.c >&5
configure:3433: $? = 0
configure:3437: test -z 
			 || test ! -s conftest.err
configure:3440: $? = 0
configure:3443: test -s conftest.o
configure:3446: $? = 0
configure:3457: result: yes
configure:3411: checking for string.h
configure:3427: gcc -c -g -O2  conftest.c >&5
configure:3433: $? = 0
configure:3437: test -z 
			 || test ! -s conftest.err
configure:3440: $? = 0
configure:3443: test -s conftest.o
configure:3446: $? = 0
configure:3457: result: yes
configure:3411: checking for memory.h
configure:3427: gcc -c -g -O2  conftest.c >&5
configure:3433: $? = 0
configure:3437: test -z 
			 || test ! -s conftest.err
configure:3440: $? = 0
configure:3443: test -s conftest.o
configure:3446: $? = 0
configure:3457: result: yes
configure:3411: checking for strings.h
configure:3427: gcc -c -g -O2  conftest.c >&5
configure:3433: $? = 0
configure:3437: test -z 
			 || test ! -s conftest.err
configure:3440: $? = 0
configure:3443: test -s conftest.o
configure:3446: $? = 0
configure:3457: result: yes
configure:3411: checking for inttypes.h
configure:3427: gcc -c -g -O2  conftest.c >&5
configure:3433: $? = 0
configure:3437: test -z 
			 || test ! -s conftest.err
configure:3440: $? = 0
configure:3443: test -s conftest.o
configure:3446: $? = 0
configure:3457: result: yes
configure:3411: checking for stdint.h
configure:3427: gcc -c -g -O2  conftest.c >&5
configure:3433: $? = 0
configure:3437: test -z 
			 || test ! -s conftest.err
configure:3440: $? = 0
configure:3443: test -s conftest.o
configure:3446: $? = 0
configure:3457: result: yes
configure:3411: checking for unistd.h
configure:3427: gcc -c -g -O2  conftest.c >&5
configure:3433: $? = 0
configure:3437: test -z 
			 || test ! -s conftest.err
configure:3440: $? = 0
configure:3443: test -s conftest.o
configure:3446: $? = 0
configure:3457: result: yes
configure:3469: checking for void *
configure:3493: gcc -c -g -O2  conftest.c >&5
configure:3499: $? = 0
configure:3503: test -z 
			 || test ! -s conftest.err
configure:3506: $? = 0
configure:3509: test -s conftest.o
configure:3512: $? = 0
configure:3523: result: yes
configure:3526: checking size of void *
configure:3845: gcc -o conftest -g -O2   conftest.c  >&5
configure:3848: $? = 0
configure:3850: ./conftest
configure:3853: $? = 0
configure:3876: result: 8
configure:4089: checking GL/gl.h usability
configure:4101: gcc -c -g -Wall -O2 -fPIC -g -O2 -Wno-deprecated-declarations -fomit-frame-pointer -fno-strict-aliasing  -D_GNU_SOURCE -D_THREAD_SAFE -D_REENTRANT conftest.c >&5
conftest.c:57:19: error: GL/gl.h: No such file or directory
configure:4107: $? = 1
configure: failed program was:
| /* confdefs.h.  */
| 
| #define PACKAGE_NAME ""
| #define PACKAGE_TARNAME ""
| #define PACKAGE_VERSION ""
| #define PACKAGE_STRING ""
| #define PACKAGE_BUGREPORT ""
| #ifdef __cplusplus
| extern "C" void exit (int) throw ();
| #endif
| #define STDC_HEADERS 1
| #define HAVE_SYS_TYPES_H 1
| #define HAVE_SYS_STAT_H 1
| #define HAVE_STDLIB_H 1
| #define HAVE_STRING_H 1
| #define HAVE_MEMORY_H 1
| #define HAVE_STRINGS_H 1
| #define HAVE_INTTYPES_H 1
| #define HAVE_STDINT_H 1
| #define HAVE_UNISTD_H 1
| #define SIZEOF_VOID_P 8
| /* end confdefs.h.  */
| #include <stdio.h>
| #if HAVE_SYS_TYPES_H
| # include <sys/types.h>
| #endif
| #if HAVE_SYS_STAT_H
| # include <sys/stat.h>
| #endif
| #if STDC_HEADERS
| # include <stdlib.h>
| # include <stddef.h>
| #else
| # if HAVE_STDLIB_H
| #  include <stdlib.h>
| # endif
| #endif
| #if HAVE_STRING_H
| # if !STDC_HEADERS && HAVE_MEMORY_H
| #  include <memory.h>
| # endif
| # include <string.h>
| #endif
| #if HAVE_STRINGS_H
| # include <strings.h>
| #endif
| #if HAVE_INTTYPES_H
| # include <inttypes.h>
| #else
| # if HAVE_STDINT_H
| #  include <stdint.h>
| # endif
| #endif
| #if HAVE_UNISTD_H
| # include <unistd.h>
| #endif
| #include <GL/gl.h>
configure:4130: result: no
configure:4134: checking GL/gl.h presence
configure:4144: gcc -E  -D_GNU_SOURCE -D_THREAD_SAFE -D_REENTRANT conftest.c
conftest.c:23:19: error: GL/gl.h: No such file or directory
configure:4150: $? = 1
configure: failed program was:
| /* confdefs.h.  */
| 
| #define PACKAGE_NAME ""
| #define PACKAGE_TARNAME ""
| #define PACKAGE_VERSION ""
| #define PACKAGE_STRING ""
| #define PACKAGE_BUGREPORT ""
| #ifdef __cplusplus
| extern "C" void exit (int) throw ();
| #endif
| #define STDC_HEADERS 1
| #define HAVE_SYS_TYPES_H 1
| #define HAVE_SYS_STAT_H 1
| #define HAVE_STDLIB_H 1
| #define HAVE_STRING_H 1
| #define HAVE_MEMORY_H 1
| #define HAVE_STRINGS_H 1
| #define HAVE_INTTYPES_H 1
| #define HAVE_STDINT_H 1
| #define HAVE_UNISTD_H 1
| #define SIZEOF_VOID_P 8
| /* end confdefs.h.  */
| #include <GL/gl.h>
configure:4170: result: no
configure:4205: checking for GL/gl.h
configure:4212: result: no
configure:4236: checking OpenGL/gl.h usability
configure:4248: gcc -c -g -Wall -O2 -fPIC -g -O2 -Wno-deprecated-declarations -fomit-frame-pointer -fno-strict-aliasing  -D_GNU_SOURCE -D_THREAD_SAFE -D_REENTRANT conftest.c >&5
conftest.c:57:23: error: OpenGL/gl.h: No such file or directory
configure:4254: $? = 1
configure: failed program was:
| /* confdefs.h.  */
| 
| #define PACKAGE_NAME ""
| #define PACKAGE_TARNAME ""
| #define PACKAGE_VERSION ""
| #define PACKAGE_STRING ""
| #define PACKAGE_BUGREPORT ""
| #ifdef __cplusplus
| extern "C" void exit (int) throw ();
| #endif
| #define STDC_HEADERS 1
| #define HAVE_SYS_TYPES_H 1
| #define HAVE_SYS_STAT_H 1
| #define HAVE_STDLIB_H 1
| #define HAVE_STRING_H 1
| #define HAVE_MEMORY_H 1
| #define HAVE_STRINGS_H 1
| #define HAVE_INTTYPES_H 1
| #define HAVE_STDINT_H 1
| #define HAVE_UNISTD_H 1
| #define SIZEOF_VOID_P 8
| /* end confdefs.h.  */
| #include <stdio.h>
| #if HAVE_SYS_TYPES_H
| # include <sys/types.h>
| #endif
| #if HAVE_SYS_STAT_H
| # include <sys/stat.h>
| #endif
| #if STDC_HEADERS
| # include <stdlib.h>
| # include <stddef.h>
| #else
| # if HAVE_STDLIB_H
| #  include <stdlib.h>
| # endif
| #endif
| #if HAVE_STRING_H
| # if !STDC_HEADERS && HAVE_MEMORY_H
| #  include <memory.h>
| # endif
| # include <string.h>
| #endif
| #if HAVE_STRINGS_H
| # include <strings.h>
| #endif
| #if HAVE_INTTYPES_H
| # include <inttypes.h>
| #else
| # if HAVE_STDINT_H
| #  include <stdint.h>
| # endif
| #endif
| #if HAVE_UNISTD_H
| # include <unistd.h>
| #endif
| #include <OpenGL/gl.h>
configure:4277: result: no
configure:4281: checking OpenGL/gl.h presence
configure:4291: gcc -E  -D_GNU_SOURCE -D_THREAD_SAFE -D_REENTRANT conftest.c
conftest.c:23:23: error: OpenGL/gl.h: No such file or directory
configure:4297: $? = 1
configure: failed program was:
| /* confdefs.h.  */
| 
| #define PACKAGE_NAME ""
| #define PACKAGE_TARNAME ""
| #define PACKAGE_VERSION ""
| #define PACKAGE_STRING ""
| #define PACKAGE_BUGREPORT ""
| #ifdef __cplusplus
| extern "C" void exit (int) throw ();
| #endif
| #define STDC_HEADERS 1
| #define HAVE_SYS_TYPES_H 1
| #define HAVE_SYS_STAT_H 1
| #define HAVE_STDLIB_H 1
| #define HAVE_STRING_H 1
| #define HAVE_MEMORY_H 1
| #define HAVE_STRINGS_H 1
| #define HAVE_INTTYPES_H 1
| #define HAVE_STDINT_H 1
| #define HAVE_UNISTD_H 1
| #define SIZEOF_VOID_P 8
| /* end confdefs.h.  */
| #include <OpenGL/gl.h>
configure:4317: result: no
configure:4352: checking for OpenGL/gl.h
configure:4359: result: no
configure:4380: Checking for OpenGL headers in /usr/X11R6
configure:4398: checking GL/gl.h usability
configure:4410: gcc -c -g -Wall -O2 -fPIC -g -O2 -Wno-deprecated-declarations -fomit-frame-pointer -fno-strict-aliasing -isystem /usr/X11R6/include  -D_GNU_SOURCE -D_THREAD_SAFE -D_REENTRANT conftest.c >&5
conftest.c:57:19: error: GL/gl.h: No such file or directory
configure:4416: $? = 1
configure: failed program was:
| /* confdefs.h.  */
| 
| #define PACKAGE_NAME ""
| #define PACKAGE_TARNAME ""
| #define PACKAGE_VERSION ""
| #define PACKAGE_STRING ""
| #define PACKAGE_BUGREPORT ""
| #ifdef __cplusplus
| extern "C" void exit (int) throw ();
| #endif
| #define STDC_HEADERS 1
| #define HAVE_SYS_TYPES_H 1
| #define HAVE_SYS_STAT_H 1
| #define HAVE_STDLIB_H 1
| #define HAVE_STRING_H 1
| #define HAVE_MEMORY_H 1
| #define HAVE_STRINGS_H 1
| #define HAVE_INTTYPES_H 1
| #define HAVE_STDINT_H 1
| #define HAVE_UNISTD_H 1
| #define SIZEOF_VOID_P 8
| /* end confdefs.h.  */
| #include <stdio.h>
| #if HAVE_SYS_TYPES_H
| # include <sys/types.h>
| #endif
| #if HAVE_SYS_STAT_H
| # include <sys/stat.h>
| #endif
| #if STDC_HEADERS
| # include <stdlib.h>
| # include <stddef.h>
| #else
| # if HAVE_STDLIB_H
| #  include <stdlib.h>
| # endif
| #endif
| #if HAVE_STRING_H
| # if !STDC_HEADERS && HAVE_MEMORY_H
| #  include <memory.h>
| # endif
| # include <string.h>
| #endif
| #if HAVE_STRINGS_H
| # include <strings.h>
| #endif
| #if HAVE_INTTYPES_H
| # include <inttypes.h>
| #else
| # if HAVE_STDINT_H
| #  include <stdint.h>
| # endif
| #endif
| #if HAVE_UNISTD_H
| # include <unistd.h>
| #endif
| #include <GL/gl.h>
configure:4439: result: no
configure:4443: checking GL/gl.h presence
configure:4453: gcc -E -isystem /usr/X11R6/include  -D_GNU_SOURCE -D_THREAD_SAFE -D_REENTRANT conftest.c
conftest.c:23:19: error: GL/gl.h: No such file or directory
configure:4459: $? = 1
configure: failed program was:
| /* confdefs.h.  */
| 
| #define PACKAGE_NAME ""
| #define PACKAGE_TARNAME ""
| #define PACKAGE_VERSION ""
| #define PACKAGE_STRING ""
| #define PACKAGE_BUGREPORT ""
| #ifdef __cplusplus
| extern "C" void exit (int) throw ();
| #endif
| #define STDC_HEADERS 1
| #define HAVE_SYS_TYPES_H 1
| #define HAVE_SYS_STAT_H 1
| #define HAVE_STDLIB_H 1
| #define HAVE_STRING_H 1
| #define HAVE_MEMORY_H 1
| #define HAVE_STRINGS_H 1
| #define HAVE_INTTYPES_H 1
| #define HAVE_STDINT_H 1
| #define HAVE_UNISTD_H 1
| #define SIZEOF_VOID_P 8
| /* end confdefs.h.  */
| #include <GL/gl.h>
configure:4479: result: no
configure:4514: checking for GL/gl.h
configure:4521: result: no
configure:4535: Checking for OpenGL headers in /usr/local
configure:4553: checking GL/gl.h usability
configure:4565: gcc -c -g -Wall -O2 -fPIC -g -O2 -Wno-deprecated-declarations -fomit-frame-pointer -fno-strict-aliasing -isystem /usr/local/include  -D_GNU_SOURCE -D_THREAD_SAFE -D_REENTRANT conftest.c >&5
conftest.c:57:19: error: GL/gl.h: No such file or directory
configure:4571: $? = 1
configure: failed program was:
| /* confdefs.h.  */
| 
| #define PACKAGE_NAME ""
| #define PACKAGE_TARNAME ""
| #define PACKAGE_VERSION ""
| #define PACKAGE_STRING ""
| #define PACKAGE_BUGREPORT ""
| #ifdef __cplusplus
| extern "C" void exit (int) throw ();
| #endif
| #define STDC_HEADERS 1
| #define HAVE_SYS_TYPES_H 1
| #define HAVE_SYS_STAT_H 1
| #define HAVE_STDLIB_H 1
| #define HAVE_STRING_H 1
| #define HAVE_MEMORY_H 1
| #define HAVE_STRINGS_H 1
| #define HAVE_INTTYPES_H 1
| #define HAVE_STDINT_H 1
| #define HAVE_UNISTD_H 1
| #define SIZEOF_VOID_P 8
| /* end confdefs.h.  */
| #include <stdio.h>
| #if HAVE_SYS_TYPES_H
| # include <sys/types.h>
| #endif
| #if HAVE_SYS_STAT_H
| # include <sys/stat.h>
| #endif
| #if STDC_HEADERS
| # include <stdlib.h>
| # include <stddef.h>
| #else
| # if HAVE_STDLIB_H
| #  include <stdlib.h>
| # endif
| #endif
| #if HAVE_STRING_H
| # if !STDC_HEADERS && HAVE_MEMORY_H
| #  include <memory.h>
| # endif
| # include <string.h>
| #endif
| #if HAVE_STRINGS_H
| # include <strings.h>
| #endif
| #if HAVE_INTTYPES_H
| # include <inttypes.h>
| #else
| # if HAVE_STDINT_H
| #  include <stdint.h>
| # endif
| #endif
| #if HAVE_UNISTD_H
| # include <unistd.h>
| #endif
| #include <GL/gl.h>
configure:4594: result: no
configure:4598: checking GL/gl.h presence
configure:4608: gcc -E -isystem /usr/local/include  -D_GNU_SOURCE -D_THREAD_SAFE -D_REENTRANT conftest.c
conftest.c:23:19: error: GL/gl.h: No such file or directory
configure:4614: $? = 1
configure: failed program was:
| /* confdefs.h.  */
| 
| #define PACKAGE_NAME ""
| #define PACKAGE_TARNAME ""
| #define PACKAGE_VERSION ""
| #define PACKAGE_STRING ""
| #define PACKAGE_BUGREPORT ""
| #ifdef __cplusplus
| extern "C" void exit (int) throw ();
| #endif
| #define STDC_HEADERS 1
| #define HAVE_SYS_TYPES_H 1
| #define HAVE_SYS_STAT_H 1
| #define HAVE_STDLIB_H 1
| #define HAVE_STRING_H 1
| #define HAVE_MEMORY_H 1
| #define HAVE_STRINGS_H 1
| #define HAVE_INTTYPES_H 1
| #define HAVE_STDINT_H 1
| #define HAVE_UNISTD_H 1
| #define SIZEOF_VOID_P 8
| /* end confdefs.h.  */
| #include <GL/gl.h>
configure:4634: result: no
configure:4669: checking for GL/gl.h
configure:4676: result: no
configure:4690: WARNING: No OpenGL headers found, wx will NOT be usable
configure:4779: checking GL/glu.h usability
configure:4791: gcc -c -g -Wall -O2 -fPIC -g -O2 -Wno-deprecated-declarations -fomit-frame-pointer -fno-strict-aliasing  -D_GNU_SOURCE -D_THREAD_SAFE -D_REENTRANT conftest.c >&5
conftest.c:57:20: error: GL/glu.h: No such file or directory
configure:4797: $? = 1
configure: failed program was:
| /* confdefs.h.  */
| 
| #define PACKAGE_NAME ""
| #define PACKAGE_TARNAME ""
| #define PACKAGE_VERSION ""
| #define PACKAGE_STRING ""
| #define PACKAGE_BUGREPORT ""
| #ifdef __cplusplus
| extern "C" void exit (int) throw ();
| #endif
| #define STDC_HEADERS 1
| #define HAVE_SYS_TYPES_H 1
| #define HAVE_SYS_STAT_H 1
| #define HAVE_STDLIB_H 1
| #define HAVE_STRING_H 1
| #define HAVE_MEMORY_H 1
| #define HAVE_STRINGS_H 1
| #define HAVE_INTTYPES_H 1
| #define HAVE_STDINT_H 1
| #define HAVE_UNISTD_H 1
| #define SIZEOF_VOID_P 8
| /* end confdefs.h.  */
| #include <stdio.h>
| #if HAVE_SYS_TYPES_H
| # include <sys/types.h>
| #endif
| #if HAVE_SYS_STAT_H
| # include <sys/stat.h>
| #endif
| #if STDC_HEADERS
| # include <stdlib.h>
| # include <stddef.h>
| #else
| # if HAVE_STDLIB_H
| #  include <stdlib.h>
| # endif
| #endif
| #if HAVE_STRING_H
| # if !STDC_HEADERS && HAVE_MEMORY_H
| #  include <memory.h>
| # endif
| # include <string.h>
| #endif
| #if HAVE_STRINGS_H
| # include <strings.h>
| #endif
| #if HAVE_INTTYPES_H
| # include <inttypes.h>
| #else
| # if HAVE_STDINT_H
| #  include <stdint.h>
| # endif
| #endif
| #if HAVE_UNISTD_H
| # include <unistd.h>
| #endif
| #include <GL/glu.h>
configure:4820: result: no
configure:4824: checking GL/glu.h presence
configure:4834: gcc -E  -D_GNU_SOURCE -D_THREAD_SAFE -D_REENTRANT conftest.c
conftest.c:23:20: error: GL/glu.h: No such file or directory
configure:4840: $? = 1
configure: failed program was:
| /* confdefs.h.  */
| 
| #define PACKAGE_NAME ""
| #define PACKAGE_TARNAME ""
| #define PACKAGE_VERSION ""
| #define PACKAGE_STRING ""
| #define PACKAGE_BUGREPORT ""
| #ifdef __cplusplus
| extern "C" void exit (int) throw ();
| #endif
| #define STDC_HEADERS 1
| #define HAVE_SYS_TYPES_H 1
| #define HAVE_SYS_STAT_H 1
| #define HAVE_STDLIB_H 1
| #define HAVE_STRING_H 1
| #define HAVE_MEMORY_H 1
| #define HAVE_STRINGS_H 1
| #define HAVE_INTTYPES_H 1
| #define HAVE_STDINT_H 1
| #define HAVE_UNISTD_H 1
| #define SIZEOF_VOID_P 8
| /* end confdefs.h.  */
| #include <GL/glu.h>
configure:4860: result: no
configure:4895: checking for GL/glu.h
configure:4902: result: no
configure:4926: checking OpenGL/glu.h usability
configure:4938: gcc -c -g -Wall -O2 -fPIC -g -O2 -Wno-deprecated-declarations -fomit-frame-pointer -fno-strict-aliasing  -D_GNU_SOURCE -D_THREAD_SAFE -D_REENTRANT conftest.c >&5
conftest.c:57:24: error: OpenGL/glu.h: No such file or directory
configure:4944: $? = 1
configure: failed program was:
| /* confdefs.h.  */
| 
| #define PACKAGE_NAME ""
| #define PACKAGE_TARNAME ""
| #define PACKAGE_VERSION ""
| #define PACKAGE_STRING ""
| #define PACKAGE_BUGREPORT ""
| #ifdef __cplusplus
| extern "C" void exit (int) throw ();
| #endif
| #define STDC_HEADERS 1
| #define HAVE_SYS_TYPES_H 1
| #define HAVE_SYS_STAT_H 1
| #define HAVE_STDLIB_H 1
| #define HAVE_STRING_H 1
| #define HAVE_MEMORY_H 1
| #define HAVE_STRINGS_H 1
| #define HAVE_INTTYPES_H 1
| #define HAVE_STDINT_H 1
| #define HAVE_UNISTD_H 1
| #define SIZEOF_VOID_P 8
| /* end confdefs.h.  */
| #include <stdio.h>
| #if HAVE_SYS_TYPES_H
| # include <sys/types.h>
| #endif
| #if HAVE_SYS_STAT_H
| # include <sys/stat.h>
| #endif
| #if STDC_HEADERS
| # include <stdlib.h>
| # include <stddef.h>
| #else
| # if HAVE_STDLIB_H
| #  include <stdlib.h>
| # endif
| #endif
| #if HAVE_STRING_H
| # if !STDC_HEADERS && HAVE_MEMORY_H
| #  include <memory.h>
| # endif
| # include <string.h>
| #endif
| #if HAVE_STRINGS_H
| # include <strings.h>
| #endif
| #if HAVE_INTTYPES_H
| # include <inttypes.h>
| #else
| # if HAVE_STDINT_H
| #  include <stdint.h>
| # endif
| #endif
| #if HAVE_UNISTD_H
| # include <unistd.h>
| #endif
| #include <OpenGL/glu.h>
configure:4967: result: no
configure:4971: checking OpenGL/glu.h presence
configure:4981: gcc -E  -D_GNU_SOURCE -D_THREAD_SAFE -D_REENTRANT conftest.c
conftest.c:23:24: error: OpenGL/glu.h: No such file or directory
configure:4987: $? = 1
configure: failed program was:
| /* confdefs.h.  */
| 
| #define PACKAGE_NAME ""
| #define PACKAGE_TARNAME ""
| #define PACKAGE_VERSION ""
| #define PACKAGE_STRING ""
| #define PACKAGE_BUGREPORT ""
| #ifdef __cplusplus
| extern "C" void exit (int) throw ();
| #endif
| #define STDC_HEADERS 1
| #define HAVE_SYS_TYPES_H 1
| #define HAVE_SYS_STAT_H 1
| #define HAVE_STDLIB_H 1
| #define HAVE_STRING_H 1
| #define HAVE_MEMORY_H 1
| #define HAVE_STRINGS_H 1
| #define HAVE_INTTYPES_H 1
| #define HAVE_STDINT_H 1
| #define HAVE_UNISTD_H 1
| #define SIZEOF_VOID_P 8
| /* end confdefs.h.  */
| #include <OpenGL/glu.h>
configure:5007: result: no
configure:5042: checking for OpenGL/glu.h
configure:5049: result: no
configure:5069: WARNING: No GLU headers found, wx will NOT be usable
configure:5308: checking for debug build of wxWidgets
configure:5342: checking for wx-config
configure:5361: found /usr/local/bin/wx-config
configure:5374: result: /usr/local/bin/wx-config
configure:5391: checking for wxWidgets version >= 2.8.4 (--unicode --debug=yes)
configure:5434: result: yes (version 3.0.0)
configure:5438: checking for wxWidgets static library
configure:5445: result: yes
configure:5584: checking for standard build of wxWidgets
configure:5617: checking for wx-config
configure:5649: result: /usr/local/bin/wx-config
configure:5666: checking for wxWidgets version >= 2.8.4 (--unicode --debug=no)
configure:5709: result: yes (version 3.0.0)
configure:5713: checking for wxWidgets static library
configure:5720: result: yes
configure:6043: checking if wxwidgets have opengl support
configure:6082: g++ -c  -g -Wall -O2 -fPIC -g -O2 -Wno-deprecated-declarations -fomit-frame-pointer -fno-strict-aliasing  -D_GNU_SOURCE -D_THREAD_SAFE -D_REENTRANT -I/usr/local/lib/wx/include/gtk2-unicode-static-3.0 -I/usr/local/include/wx-3.0 -D_FILE_OFFSET_BITS=64 -D__WXGTK__ -pthread  -D_GNU_SOURCE -D_THREAD_SAFE -D_REENTRANT conftest.cc >&5
conftest.cc:36:4: error: #error barf
configure:6088: $? = 1
configure: failed program was:
| /* confdefs.h.  */
| 
| #define PACKAGE_NAME ""
| #define PACKAGE_TARNAME ""
| #define PACKAGE_VERSION ""
| #define PACKAGE_STRING ""
| #define PACKAGE_BUGREPORT ""
| #ifdef __cplusplus
| extern "C" void exit (int) throw ();
| #endif
| #define STDC_HEADERS 1
| #define HAVE_SYS_TYPES_H 1
| #define HAVE_SYS_STAT_H 1
| #define HAVE_STDLIB_H 1
| #define HAVE_STRING_H 1
| #define HAVE_MEMORY_H 1
| #define HAVE_STRINGS_H 1
| #define HAVE_INTTYPES_H 1
| #define HAVE_STDINT_H 1
| #define HAVE_UNISTD_H 1
| #define SIZEOF_VOID_P 8
| /* end confdefs.h.  */
| 
|   #ifdef WIN32
|   # include <windows.h>
|   #endif
|   #include "wx/wx.h"
| 
| int
| main ()
| {
| 
|   #if wxUSE_GLCANVAS
|   ;
|   #else
|   #error barf
|   #endif
| 
|   ;
|   return 0;
| }
configure:6124: result: no
configure:6134: checking for GLintptr
configure:6167: gcc -c -g -Wall -O2 -fPIC -g -O2 -Wno-deprecated-declarations -fomit-frame-pointer -fno-strict-aliasing  -D_GNU_SOURCE -D_THREAD_SAFE -D_REENTRANT   -D_GNU_SOURCE -D_THREAD_SAFE -D_REENTRANT conftest.c >&5
conftest.c: In function 'main':
conftest.c:36: error: 'GLintptr' undeclared (first use in this function)
conftest.c:36: error: (Each undeclared identifier is reported only once
conftest.c:36: error: for each function it appears in.)
conftest.c:36: error: expected expression before ')' token
configure:6173: $? = 1
configure: failed program was:
| /* confdefs.h.  */
| 
| #define PACKAGE_NAME ""
| #define PACKAGE_TARNAME ""
| #define PACKAGE_VERSION ""
| #define PACKAGE_STRING ""
| #define PACKAGE_BUGREPORT ""
| #ifdef __cplusplus
| extern "C" void exit (int) throw ();
| #endif
| #define STDC_HEADERS 1
| #define HAVE_SYS_TYPES_H 1
| #define HAVE_SYS_STAT_H 1
| #define HAVE_STDLIB_H 1
| #define HAVE_STRING_H 1
| #define HAVE_MEMORY_H 1
| #define HAVE_STRINGS_H 1
| #define HAVE_INTTYPES_H 1
| #define HAVE_STDINT_H 1
| #define HAVE_UNISTD_H 1
| #define SIZEOF_VOID_P 8
| /* end confdefs.h.  */
| #ifdef WIN32
| 		# include <windows.h>
| 	        # include <gl/gl.h>
| 	        #elif defined(HAVE_GL_GL_H)
| 	        # include <GL/gl.h>
|                 #elif defined(HAVE_OPENGL_GL_H)
| 		# include <OpenGL/gl.h>
| 		#endif
| 
| 
| int
| main ()
| {
| if ((GLintptr *) 0)
|   return 0;
| if (sizeof (GLintptr))
|   return 0;
|   ;
|   return 0;
| }
configure:6197: result: no
configure:6207: checking for GLintptrARB
configure:6240: gcc -c -g -Wall -O2 -fPIC -g -O2 -Wno-deprecated-declarations -fomit-frame-pointer -fno-strict-aliasing  -D_GNU_SOURCE -D_THREAD_SAFE -D_REENTRANT   -D_GNU_SOURCE -D_THREAD_SAFE -D_REENTRANT conftest.c >&5
conftest.c: In function 'main':
conftest.c:36: error: 'GLintptrARB' undeclared (first use in this function)
conftest.c:36: error: (Each undeclared identifier is reported only once
conftest.c:36: error: for each function it appears in.)
conftest.c:36: error: expected expression before ')' token
configure:6246: $? = 1
configure: failed program was:
| /* confdefs.h.  */
| 
| #define PACKAGE_NAME ""
| #define PACKAGE_TARNAME ""
| #define PACKAGE_VERSION ""
| #define PACKAGE_STRING ""
| #define PACKAGE_BUGREPORT ""
| #ifdef __cplusplus
| extern "C" void exit (int) throw ();
| #endif
| #define STDC_HEADERS 1
| #define HAVE_SYS_TYPES_H 1
| #define HAVE_SYS_STAT_H 1
| #define HAVE_STDLIB_H 1
| #define HAVE_STRING_H 1
| #define HAVE_MEMORY_H 1
| #define HAVE_STRINGS_H 1
| #define HAVE_INTTYPES_H 1
| #define HAVE_STDINT_H 1
| #define HAVE_UNISTD_H 1
| #define SIZEOF_VOID_P 8
| /* end confdefs.h.  */
| #ifdef WIN32
| 		# include <windows.h>
| 	        # include <gl/gl.h>
| 	        #elif defined(HAVE_GL_GL_H)
| 	        # include <GL/gl.h>
|                 #elif defined(HAVE_OPENGL_GL_H)
| 		# include <OpenGL/gl.h>
| 		#endif
| 
| 
| int
| main ()
| {
| if ((GLintptrARB *) 0)
|   return 0;
| if (sizeof (GLintptrARB))
|   return 0;
|   ;
|   return 0;
| }
configure:6270: result: no
configure:6280: checking for GLchar
configure:6313: gcc -c -g -Wall -O2 -fPIC -g -O2 -Wno-deprecated-declarations -fomit-frame-pointer -fno-strict-aliasing  -D_GNU_SOURCE -D_THREAD_SAFE -D_REENTRANT   -D_GNU_SOURCE -D_THREAD_SAFE -D_REENTRANT conftest.c >&5
conftest.c: In function 'main':
conftest.c:36: error: 'GLchar' undeclared (first use in this function)
conftest.c:36: error: (Each undeclared identifier is reported only once
conftest.c:36: error: for each function it appears in.)
conftest.c:36: error: expected expression before ')' token
configure:6319: $? = 1
configure: failed program was:
| /* confdefs.h.  */
| 
| #define PACKAGE_NAME ""
| #define PACKAGE_TARNAME ""
| #define PACKAGE_VERSION ""
| #define PACKAGE_STRING ""
| #define PACKAGE_BUGREPORT ""
| #ifdef __cplusplus
| extern "C" void exit (int) throw ();
| #endif
| #define STDC_HEADERS 1
| #define HAVE_SYS_TYPES_H 1
| #define HAVE_SYS_STAT_H 1
| #define HAVE_STDLIB_H 1
| #define HAVE_STRING_H 1
| #define HAVE_MEMORY_H 1
| #define HAVE_STRINGS_H 1
| #define HAVE_INTTYPES_H 1
| #define HAVE_STDINT_H 1
| #define HAVE_UNISTD_H 1
| #define SIZEOF_VOID_P 8
| /* end confdefs.h.  */
| #ifdef WIN32
| 		# include <windows.h>
| 	        # include <gl/gl.h>
| 	        #elif defined(HAVE_GL_GL_H)
| 	        # include <GL/gl.h>
|                 #elif defined(HAVE_OPENGL_GL_H)
| 		# include <OpenGL/gl.h>
| 		#endif
| 
| 
| int
| main ()
| {
| if ((GLchar *) 0)
|   return 0;
| if (sizeof (GLchar))
|   return 0;
|   ;
|   return 0;
| }
configure:6343: result: no
configure:6353: checking for GLcharARB
configure:6386: gcc -c -g -Wall -O2 -fPIC -g -O2 -Wno-deprecated-declarations -fomit-frame-pointer -fno-strict-aliasing  -D_GNU_SOURCE -D_THREAD_SAFE -D_REENTRANT   -D_GNU_SOURCE -D_THREAD_SAFE -D_REENTRANT conftest.c >&5
conftest.c: In function 'main':
conftest.c:36: error: 'GLcharARB' undeclared (first use in this function)
conftest.c:36: error: (Each undeclared identifier is reported only once
conftest.c:36: error: for each function it appears in.)
conftest.c:36: error: expected expression before ')' token
configure:6392: $? = 1
configure: failed program was:
| /* confdefs.h.  */
| 
| #define PACKAGE_NAME ""
| #define PACKAGE_TARNAME ""
| #define PACKAGE_VERSION ""
| #define PACKAGE_STRING ""
| #define PACKAGE_BUGREPORT ""
| #ifdef __cplusplus
| extern "C" void exit (int) throw ();
| #endif
| #define STDC_HEADERS 1
| #define HAVE_SYS_TYPES_H 1
| #define HAVE_SYS_STAT_H 1
| #define HAVE_STDLIB_H 1
| #define HAVE_STRING_H 1
| #define HAVE_MEMORY_H 1
| #define HAVE_STRINGS_H 1
| #define HAVE_INTTYPES_H 1
| #define HAVE_STDINT_H 1
| #define HAVE_UNISTD_H 1
| #define SIZEOF_VOID_P 8
| /* end confdefs.h.  */
| #ifdef WIN32
| 		# include <windows.h>
| 	        # include <gl/gl.h>
| 	        #elif defined(HAVE_GL_GL_H)
| 	        # include <GL/gl.h>
|                 #elif defined(HAVE_OPENGL_GL_H)
| 		# include <OpenGL/gl.h>
| 		#endif
| 
| 
| int
| main ()
| {
| if ((GLcharARB *) 0)
|   return 0;
| if (sizeof (GLcharARB))
|   return 0;
|   ;
|   return 0;
| }
configure:6416: result: no
configure:6426: checking for GLhalfARB
configure:6459: gcc -c -g -Wall -O2 -fPIC -g -O2 -Wno-deprecated-declarations -fomit-frame-pointer -fno-strict-aliasing  -D_GNU_SOURCE -D_THREAD_SAFE -D_REENTRANT   -D_GNU_SOURCE -D_THREAD_SAFE -D_REENTRANT conftest.c >&5
conftest.c: In function 'main':
conftest.c:36: error: 'GLhalfARB' undeclared (first use in this function)
conftest.c:36: error: (Each undeclared identifier is reported only once
conftest.c:36: error: for each function it appears in.)
conftest.c:36: error: expected expression before ')' token
configure:6465: $? = 1
configure: failed program was:
| /* confdefs.h.  */
| 
| #define PACKAGE_NAME ""
| #define PACKAGE_TARNAME ""
| #define PACKAGE_VERSION ""
| #define PACKAGE_STRING ""
| #define PACKAGE_BUGREPORT ""
| #ifdef __cplusplus
| extern "C" void exit (int) throw ();
| #endif
| #define STDC_HEADERS 1
| #define HAVE_SYS_TYPES_H 1
| #define HAVE_SYS_STAT_H 1
| #define HAVE_STDLIB_H 1
| #define HAVE_STRING_H 1
| #define HAVE_MEMORY_H 1
| #define HAVE_STRINGS_H 1
| #define HAVE_INTTYPES_H 1
| #define HAVE_STDINT_H 1
| #define HAVE_UNISTD_H 1
| #define SIZEOF_VOID_P 8
| /* end confdefs.h.  */
| #ifdef WIN32
| 		# include <windows.h>
| 	        # include <gl/gl.h>
| 	        #elif defined(HAVE_GL_GL_H)
| 	        # include <GL/gl.h>
|                 #elif defined(HAVE_OPENGL_GL_H)
| 		# include <OpenGL/gl.h>
| 		#endif
| 
| 
| int
| main ()
| {
| if ((GLhalfARB *) 0)
|   return 0;
| if (sizeof (GLhalfARB))
|   return 0;
|   ;
|   return 0;
| }
configure:6489: result: no
configure:6499: checking for GLint64EXT
configure:6532: gcc -c -g -Wall -O2 -fPIC -g -O2 -Wno-deprecated-declarations -fomit-frame-pointer -fno-strict-aliasing  -D_GNU_SOURCE -D_THREAD_SAFE -D_REENTRANT   -D_GNU_SOURCE -D_THREAD_SAFE -D_REENTRANT conftest.c >&5
conftest.c: In function 'main':
conftest.c:36: error: 'GLint64EXT' undeclared (first use in this function)
conftest.c:36: error: (Each undeclared identifier is reported only once
conftest.c:36: error: for each function it appears in.)
conftest.c:36: error: expected expression before ')' token
configure:6538: $? = 1
configure: failed program was:
| /* confdefs.h.  */
| 
| #define PACKAGE_NAME ""
| #define PACKAGE_TARNAME ""
| #define PACKAGE_VERSION ""
| #define PACKAGE_STRING ""
| #define PACKAGE_BUGREPORT ""
| #ifdef __cplusplus
| extern "C" void exit (int) throw ();
| #endif
| #define STDC_HEADERS 1
| #define HAVE_SYS_TYPES_H 1
| #define HAVE_SYS_STAT_H 1
| #define HAVE_STDLIB_H 1
| #define HAVE_STRING_H 1
| #define HAVE_MEMORY_H 1
| #define HAVE_STRINGS_H 1
| #define HAVE_INTTYPES_H 1
| #define HAVE_STDINT_H 1
| #define HAVE_UNISTD_H 1
| #define SIZEOF_VOID_P 8
| /* end confdefs.h.  */
| #ifdef WIN32
| 		# include <windows.h>
| 	        # include <gl/gl.h>
| 	        #elif defined(HAVE_GL_GL_H)
| 	        # include <GL/gl.h>
|                 #elif defined(HAVE_OPENGL_GL_H)
| 		# include <OpenGL/gl.h>
| 		#endif
| 
| 
| int
| main ()
| {
| if ((GLint64EXT *) 0)
|   return 0;
| if (sizeof (GLint64EXT))
|   return 0;
|   ;
|   return 0;
| }
configure:6562: result: no
configure:6575: checking GLU Callbacks uses Tiger Style
configure:6618: g++ -c  -g -Wall -O2 -fPIC -g -O2 -Wno-deprecated-declarations -fomit-frame-pointer -fno-strict-aliasing  -D_GNU_SOURCE -D_THREAD_SAFE -D_REENTRANT -I/usr/local/lib/wx/include/gtk2-unicode-static-3.0 -I/usr/local/include/wx-3.0 -D_FILE_OFFSET_BITS=64 -D__WXGTK__ -pthread  -D_GNU_SOURCE -D_THREAD_SAFE -D_REENTRANT conftest.cc >&5
conftest.cc: In function 'int main()':
conftest.cc:41: error: 'GLUtesselator' was not declared in this scope
conftest.cc:41: error: 'tess' was not declared in this scope
conftest.cc:42: error: 'GLU_TESS_VERTEX' was not declared in this scope
conftest.cc:42: error: expected primary-expression before ')' token
conftest.cc:42: error: 'GLvoid' was not declared in this scope
conftest.cc:42: error: expected primary-expression before '...' token
conftest.cc:42: error: 'gluTessCallback' was not declared in this scope
configure:6624: $? = 1
configure: failed program was:
| /* confdefs.h.  */
| 
| #define PACKAGE_NAME ""
| #define PACKAGE_TARNAME ""
| #define PACKAGE_VERSION ""
| #define PACKAGE_STRING ""
| #define PACKAGE_BUGREPORT ""
| #ifdef __cplusplus
| extern "C" void exit (int) throw ();
| #endif
| #define STDC_HEADERS 1
| #define HAVE_SYS_TYPES_H 1
| #define HAVE_SYS_STAT_H 1
| #define HAVE_STDLIB_H 1
| #define HAVE_STRING_H 1
| #define HAVE_MEMORY_H 1
| #define HAVE_STRINGS_H 1
| #define HAVE_INTTYPES_H 1
| #define HAVE_STDINT_H 1
| #define HAVE_UNISTD_H 1
| #define SIZEOF_VOID_P 8
| /* end confdefs.h.  */
| 
|                 #ifdef WIN32
| 		# include <windows.h>
| 	        # include <gl/glu.h>
| 	        #elif defined(HAVE_GL_GL_H)
| 	        # include <GL/glu.h>
|                 #elif defined(HAVE_OPENGL_GL_H)
| 		# include <OpenGL/glu.h>
| 		#endif
| 		#ifndef CALLBACK
| 		# define CALLBACK
| 		#endif
| 		void CALLBACK foo() {};
| 
| int
| main ()
| {
| 
| 		   GLUtesselator* tess;
| 		   gluTessCallback(tess,GLU_TESS_VERTEX,(GLvoid (*)(...)) foo);
| 
|   ;
|   return 0;
| }
configure:6652: result: no
configure:6661: checking for wx/stc/stc.h
configure:6680: g++ -c  -g -Wall -O2 -fPIC -g -O2 -Wno-deprecated-declarations -fomit-frame-pointer -fno-strict-aliasing  -D_GNU_SOURCE -D_THREAD_SAFE -D_REENTRANT -I/usr/local/lib/wx/include/gtk2-unicode-static-3.0 -I/usr/local/include/wx-3.0 -D_FILE_OFFSET_BITS=64 -D__WXGTK__ -pthread  -D_GNU_SOURCE -D_THREAD_SAFE -D_REENTRANT conftest.cc >&5
configure:6686: $? = 0
configure:6690: test -z 
			 || test ! -s conftest.err
configure:6693: $? = 0
configure:6696: test -s conftest.o
configure:6699: $? = 0
configure:6710: result: yes
configure:6729: checking if we can link wxwidgets programs
configure:6773: g++ -o conftest  -g -Wall -O2 -fPIC -g -O2 -Wno-deprecated-declarations -fomit-frame-pointer -fno-strict-aliasing  -D_GNU_SOURCE -D_THREAD_SAFE -D_REENTRANT -I/usr/local/lib/wx/include/gtk2-unicode-static-3.0 -I/usr/local/include/wx-3.0 -D_FILE_OFFSET_BITS=64 -D__WXGTK__ -pthread  -D_GNU_SOURCE -D_THREAD_SAFE -D_REENTRANT -shared -fPIC  conftest.cc -L/usr/local/lib -pthread   /usr/local/lib/libwx_gtk2u_stc-3.0.a /usr/local/lib/libwx_gtk2u_xrc-3.0.a /usr/local/lib/libwx_gtk2u_gl-3.0.a /usr/local/lib/libwx_gtk2u_aui-3.0.a /usr/local/lib/libwx_gtk2u_html-3.0.a /usr/local/lib/libwx_gtk2u_adv-3.0.a /usr/local/lib/libwx_gtk2u_core-3.0.a /usr/local/lib/libwx_baseu_xml-3.0.a /usr/local/lib/libwx_baseu-3.0.a -lwxscintilla-3.0 -pthread -lX11 -pthread -lgtk-x11-2.0 -lgdk-x11-2.0 -latk-1.0 -lgio-2.0 -lpangoft2-1.0 -lpangocairo-1.0 -lgdk_pixbuf-2.0 -lcairo -lpango-1.0 -lfreetype -lfontconfig -lgobject-2.0 -lgmodule-2.0 -lgthread-2.0 -lrt -lglib-2.0 -lpng -ljpeg -ltiff -lwxregexu-3.0 -lwxexpat-3.0 -lz -ldl -lm  >&5
g++: /usr/local/lib/libwx_gtk2u_gl-3.0.a: No such file or directory
conftest.cc: In member function 'virtual bool MyApp::OnInit()':
conftest.cc:45: error: 'wxGLCanvas' was not declared in this scope
conftest.cc:45: error: 'bar' was not declared in this scope
conftest.cc:45: error: expected type-specifier before 'wxGLCanvas'
conftest.cc:45: error: expected ';' before 'wxGLCanvas'
conftest.cc:44: warning: unused variable 'foo'
configure:6779: $? = 1
configure: failed program was:
| /* confdefs.h.  */
| 
| #define PACKAGE_NAME ""
| #define PACKAGE_TARNAME ""
| #define PACKAGE_VERSION ""
| #define PACKAGE_STRING ""
| #define PACKAGE_BUGREPORT ""
| #ifdef __cplusplus
| extern "C" void exit (int) throw ();
| #endif
| #define STDC_HEADERS 1
| #define HAVE_SYS_TYPES_H 1
| #define HAVE_SYS_STAT_H 1
| #define HAVE_STDLIB_H 1
| #define HAVE_STRING_H 1
| #define HAVE_MEMORY_H 1
| #define HAVE_STRINGS_H 1
| #define HAVE_INTTYPES_H 1
| #define HAVE_STDINT_H 1
| #define HAVE_UNISTD_H 1
| #define SIZEOF_VOID_P 8
| #define HAVE_WX_STC_STC_H 1
| /* end confdefs.h.  */
| 
| 		#ifdef WIN32
| 		# include <windows.h>
| 	        # include <gl/gl.h>
| 	        #elif defined(HAVE_GL_GL_H)
| 	        # include <GL/gl.h>
|                 #elif defined(HAVE_OPENGL_GL_H)
| 		# include <OpenGL/gl.h>
| 		#endif
|                 #include "wx/wx.h"
| 		#include "wx/stc/stc.h"
| 		#include "wx/glcanvas.h"
| 
| 
| 		class MyApp : public wxApp
| 		{
| 		   virtual bool OnInit() {
| 		   	   // Test that we have a FromUTF8
| 			   // it isn't in too old wxWidgets versions
| 		   	   wxString test = wxString::FromUTF8((const char *)"foo");
| 		   	   wxStyledTextCtrl * foo = new wxStyledTextCtrl();
| 		   	   wxGLCanvas * bar = new wxGLCanvas((wxWindow *) NULL, -1,
| 			   	      wxDefaultPosition,wxDefaultSize,0);
| 			   return true;
|                   };
| 		};
| 		IMPLEMENT_APP(MyApp)
| 
configure:6816: result: no
configure:6822: WARNING: Can not link wx program are all developer packages installed?
configure:6832: checking if we can add -Werror=return-type to CFLAGS (via CFLAGS)
configure:6852: gcc -c -Werror=return-type -g -Wall -O2 -fPIC -g -O2 -Wno-deprecated-declarations -fomit-frame-pointer -fno-strict-aliasing  -D_GNU_SOURCE -D_THREAD_SAFE -D_REENTRANT   -D_GNU_SOURCE -D_THREAD_SAFE -D_REENTRANT conftest.c >&5
configure:6858: $? = 0
configure:6862: test -z 
			 || test ! -s conftest.err
configure:6865: $? = 0
configure:6868: test -s conftest.o
configure:6871: $? = 0
configure:6883: result: yes
configure:6892: checking if we can add -Werror=return-type to CXXFLAGS (via CFLAGS)
configure:6912: gcc -c -Werror=return-type  -g -Wall -O2 -fPIC -g -O2 -Wno-deprecated-declarations -fomit-frame-pointer -fno-strict-aliasing  -D_GNU_SOURCE -D_THREAD_SAFE -D_REENTRANT  -D_GNU_SOURCE -D_THREAD_SAFE -D_REENTRANT conftest.c >&5
configure:6918: $? = 0
configure:6922: test -z 
			 || test ! -s conftest.err
configure:6925: $? = 0
configure:6928: test -s conftest.o
configure:6931: $? = 0
configure:6943: result: yes
configure:7135: creating x86_64-unknown-linux-gnu/config.status

## ---------------------- ##
## Running config.status. ##
## ---------------------- ##

This file was extended by config.status, which was
generated by GNU Autoconf 2.59.  Invocation command line was

  CONFIG_FILES    = 
  CONFIG_HEADERS  = 
  CONFIG_LINKS    = 
  CONFIG_COMMANDS = 
  $ x86_64-unknown-linux-gnu/config.status 

on localhost.localdomain

config.status:688: creating config.mk
config.status:688: creating c_src/Makefile

## ---------------- ##
## Cache variables. ##
## ---------------- ##

ac_cv_build=x86_64-unknown-linux-gnu
ac_cv_build_alias=x86_64-unknown-linux-gnu
ac_cv_c_compiler_gnu=yes
ac_cv_cxx_compiler_gnu=yes
ac_cv_env_CC_set=
ac_cv_env_CC_value=
ac_cv_env_CFLAGS_set=
ac_cv_env_CFLAGS_value=
ac_cv_env_CPPFLAGS_set=
ac_cv_env_CPPFLAGS_value=
ac_cv_env_CPP_set=
ac_cv_env_CPP_value=
ac_cv_env_CXXFLAGS_set=
ac_cv_env_CXXFLAGS_value=
ac_cv_env_CXX_set=
ac_cv_env_CXX_value=
ac_cv_env_LDFLAGS_set=
ac_cv_env_LDFLAGS_value=
ac_cv_env_build_alias_set=
ac_cv_env_build_alias_value=
ac_cv_env_host_alias_set=
ac_cv_env_host_alias_value=
ac_cv_env_target_alias_set=
ac_cv_env_target_alias_value=
ac_cv_exeext=
ac_cv_header_GL_gl_h=no
ac_cv_header_GL_glu_h=no
ac_cv_header_OpenGL_gl_h=no
ac_cv_header_OpenGL_glu_h=no
ac_cv_header_inttypes_h=yes
ac_cv_header_memory_h=yes
ac_cv_header_stdc=yes
ac_cv_header_stdint_h=yes
ac_cv_header_stdlib_h=yes
ac_cv_header_string_h=yes
ac_cv_header_strings_h=yes
ac_cv_header_sys_stat_h=yes
ac_cv_header_sys_types_h=yes
ac_cv_header_unistd_h=yes
ac_cv_header_wx_stc_stc_h=yes
ac_cv_host=x86_64-unknown-linux-gnu
ac_cv_host_alias=x86_64-unknown-linux-gnu
ac_cv_objext=o
ac_cv_path_WX_CONFIG_PATH=/usr/local/bin/wx-config
ac_cv_prog_CPP='gcc -E'
ac_cv_prog_ac_ct_CC=gcc
ac_cv_prog_ac_ct_CXX=g++
ac_cv_prog_ac_ct_RANLIB=ranlib
ac_cv_prog_cc_g=yes
ac_cv_prog_cc_stdc=
ac_cv_prog_cxx_g=yes
ac_cv_prog_egrep='grep -E'
ac_cv_sizeof_void_p=8
ac_cv_type_GLchar=no
ac_cv_type_GLcharARB=no
ac_cv_type_GLhalfARB=no
ac_cv_type_GLint64EXT=no
ac_cv_type_GLintptr=no
ac_cv_type_GLintptrARB=no
ac_cv_type_void_p=yes

## ----------------- ##
## Output variables. ##
## ----------------- ##

CC='gcc'
CFLAGS='-Werror=return-type -g -Wall -O2 -fPIC -g -O2 -Wno-deprecated-declarations -fomit-frame-pointer -fno-strict-aliasing  -D_GNU_SOURCE -D_THREAD_SAFE -D_REENTRANT '
CPP='gcc -E'
CPPFLAGS=' -D_GNU_SOURCE -D_THREAD_SAFE -D_REENTRANT'
CXX='g++'
CXXFLAGS='-Werror=return-type  -g -Wall -O2 -fPIC -g -O2 -Wno-deprecated-declarations -fomit-frame-pointer -fno-strict-aliasing  -D_GNU_SOURCE -D_THREAD_SAFE -D_REENTRANT'
DEBUG_CFLAGS='-g -Wall -fPIC -g -O2 -Wno-deprecated-declarations -DDEBUG  -D_GNU_SOURCE -D_THREAD_SAFE -D_REENTRANT '
DEBUG_CXXFLAGS=' -g -Wall -fPIC -g -O2 -Wno-deprecated-declarations -DDEBUG  -D_GNU_SOURCE -D_THREAD_SAFE -D_REENTRANT'
DEBUG_WX_CFLAGS='-I/usr/local/lib/wx/include/gtk2-unicode-static-3.0 -I/usr/local/include/wx-3.0 -D_FILE_OFFSET_BITS=64 -D__WXGTK__ -pthread'
DEBUG_WX_CXXFLAGS='-I/usr/local/lib/wx/include/gtk2-unicode-static-3.0 -I/usr/local/include/wx-3.0 -D_FILE_OFFSET_BITS=64 -D__WXGTK__ -pthread'
DEBUG_WX_LIBS='-L/usr/local/lib -pthread   /usr/local/lib/libwx_gtk2u_stc-3.0.a /usr/local/lib/libwx_gtk2u_xrc-3.0.a /usr/local/lib/libwx_gtk2u_gl-3.0.a /usr/local/lib/libwx_gtk2u_aui-3.0.a /usr/local/lib/libwx_gtk2u_html-3.0.a /usr/local/lib/libwx_gtk2u_adv-3.0.a /usr/local/lib/libwx_gtk2u_core-3.0.a /usr/local/lib/libwx_baseu_xml-3.0.a /usr/local/lib/libwx_baseu-3.0.a -lwxscintilla-3.0 -pthread -lX11 -pthread -lgtk-x11-2.0 -lgdk-x11-2.0 -latk-1.0 -lgio-2.0 -lpangoft2-1.0 -lpangocairo-1.0 -lgdk_pixbuf-2.0 -lcairo -lpango-1.0 -lfreetype -lfontconfig -lgobject-2.0 -lgmodule-2.0 -lgthread-2.0 -lrt -lglib-2.0 -lpng -ljpeg -ltiff -lwxregexu-3.0 -lwxexpat-3.0 -lz -ldl -lm '
DEBUG_WX_LIBS_STATIC='-L/usr/local/lib -pthread   /usr/local/lib/libwx_gtk2u_stc-3.0.a /usr/local/lib/libwx_gtk2u_xrc-3.0.a /usr/local/lib/libwx_gtk2u_gl-3.0.a /usr/local/lib/libwx_gtk2u_aui-3.0.a /usr/local/lib/libwx_gtk2u_html-3.0.a /usr/local/lib/libwx_gtk2u_adv-3.0.a /usr/local/lib/libwx_gtk2u_core-3.0.a /usr/local/lib/libwx_baseu_xml-3.0.a /usr/local/lib/libwx_baseu-3.0.a -lwxscintilla-3.0 -pthread -lX11 -pthread -lgtk-x11-2.0 -lgdk-x11-2.0 -latk-1.0 -lgio-2.0 -lpangoft2-1.0 -lpangocairo-1.0 -lgdk_pixbuf-2.0 -lcairo -lpango-1.0 -lfreetype -lfontconfig -lgobject-2.0 -lgmodule-2.0 -lgthread-2.0 -lrt -lglib-2.0 -lpng -ljpeg -ltiff -lwxregexu-3.0 -lwxexpat-3.0 -lz -ldl -lm '
DEFS='-DPACKAGE_NAME=\"\" -DPACKAGE_TARNAME=\"\" -DPACKAGE_VERSION=\"\" -DPACKAGE_STRING=\"\" -DPACKAGE_BUGREPORT=\"\" -DSTDC_HEADERS=1 -DHAVE_SYS_TYPES_H=1 -DHAVE_SYS_STAT_H=1 -DHAVE_STDLIB_H=1 -DHAVE_STRING_H=1 -DHAVE_MEMORY_H=1 -DHAVE_STRINGS_H=1 -DHAVE_INTTYPES_H=1 -DHAVE_STDINT_H=1 -DHAVE_UNISTD_H=1 -DSIZEOF_VOID_P=8 -DHAVE_WX_STC_STC_H=1 '
ECHO_C=''
ECHO_N='-n'
ECHO_T=''
EGREP='grep -E'
ERLANG_ROOT_DIR='/root/download/otp_src_20.0'
ERLC='erlc'
EXEEXT=''
FORCED_DEBUG_BUILD='false'
GL_LIBS='-lGL -lGLU'
HAVE_GL_SUPPORT='no'
LDFLAGS='-shared -fPIC '
LIBOBJS=''
LIBS=''
LTLIBOBJS=''
MIXED_CYGWIN='no'
MIXED_CYGWIN_MINGW='no'
MIXED_CYGWIN_VC='no'
MIXED_MSYS='no'
MIXED_MSYS_VC='no'
MIXED_VC='no'
OBJC_CC='gcc'
OBJC_CFLAGS=''
OBJEXT='o'
PACKAGE_BUGREPORT=''
PACKAGE_NAME=''
PACKAGE_STRING=''
PACKAGE_TARNAME=''
PACKAGE_VERSION=''
PATH_SEPARATOR=':'
RANLIB='ranlib'
RC_FILE_TYPE='o'
RUN_ERL='erl'
SHELL='/bin/sh'
SO_EXT='.so'
TARGET='x86_64-unknown-linux-gnu'
TESS_CB_TIGER_STYLE='no'
WXERL_CAN_BUILD_DRIVER='false'
WXERL_SYS_TYPE='x86_64-unknown-linux-gnu'
WX_BUILDING_INSIDE_ERLSRC='true'
WX_CFLAGS='-I/usr/local/lib/wx/include/gtk2-unicode-static-3.0 -I/usr/local/include/wx-3.0 -D_FILE_OFFSET_BITS=64 -D__WXGTK__ -pthread'
WX_CFLAGS_ONLY='-pthread'
WX_CONFIG_PATH='/usr/local/bin/wx-config'
WX_CPPFLAGS='-I/usr/local/lib/wx/include/gtk2-unicode-static-3.0 -I/usr/local/include/wx-3.0 -D_FILE_OFFSET_BITS=64 -D__WXGTK__'
WX_CXXFLAGS='-I/usr/local/lib/wx/include/gtk2-unicode-static-3.0 -I/usr/local/include/wx-3.0 -D_FILE_OFFSET_BITS=64 -D__WXGTK__ -pthread'
WX_CXXFLAGS_ONLY=''
WX_HAVE_STATIC_LIBS='true'
WX_LIBS='-L/usr/local/lib -pthread   /usr/local/lib/libwx_gtk2u_stc-3.0.a /usr/local/lib/libwx_gtk2u_xrc-3.0.a /usr/local/lib/libwx_gtk2u_gl-3.0.a /usr/local/lib/libwx_gtk2u_aui-3.0.a /usr/local/lib/libwx_gtk2u_html-3.0.a /usr/local/lib/libwx_gtk2u_adv-3.0.a /usr/local/lib/libwx_gtk2u_core-3.0.a /usr/local/lib/libwx_baseu_xml-3.0.a /usr/local/lib/libwx_baseu-3.0.a -lwxscintilla-3.0 -pthread -lX11 -pthread -lgtk-x11-2.0 -lgdk-x11-2.0 -latk-1.0 -lgio-2.0 -lpangoft2-1.0 -lpangocairo-1.0 -lgdk_pixbuf-2.0 -lcairo -lpango-1.0 -lfreetype -lfontconfig -lgobject-2.0 -lgmodule-2.0 -lgthread-2.0 -lrt -lglib-2.0 -lpng -ljpeg -ltiff -lwxregexu-3.0 -lwxexpat-3.0 -lz -ldl -lm '
WX_LIBS_STATIC='-L/usr/local/lib -pthread   /usr/local/lib/libwx_gtk2u_stc-3.0.a /usr/local/lib/libwx_gtk2u_xrc-3.0.a /usr/local/lib/libwx_gtk2u_gl-3.0.a /usr/local/lib/libwx_gtk2u_aui-3.0.a /usr/local/lib/libwx_gtk2u_html-3.0.a /usr/local/lib/libwx_gtk2u_adv-3.0.a /usr/local/lib/libwx_gtk2u_core-3.0.a /usr/local/lib/libwx_baseu_xml-3.0.a /usr/local/lib/libwx_baseu-3.0.a -lwxscintilla-3.0 -pthread -lX11 -pthread -lgtk-x11-2.0 -lgdk-x11-2.0 -latk-1.0 -lgio-2.0 -lpangoft2-1.0 -lpangocairo-1.0 -lgdk_pixbuf-2.0 -lcairo -lpango-1.0 -lfreetype -lfontconfig -lgobject-2.0 -lgmodule-2.0 -lgthread-2.0 -lrt -lglib-2.0 -lpng -ljpeg -ltiff -lwxregexu-3.0 -lwxexpat-3.0 -lz -ldl -lm '
WX_RESCOMP=''
WX_VERSION='3.0.0'
WX_VERSION_MAJOR='3'
WX_VERSION_MICRO='0'
WX_VERSION_MINOR='0'
ac_ct_CC='gcc'
ac_ct_CXX='g++'
ac_ct_RANLIB='ranlib'
bindir='${exec_prefix}/bin'
build='x86_64-unknown-linux-gnu'
build_alias=''
build_cpu='x86_64'
build_os='linux-gnu'
build_vendor='unknown'
datadir='${prefix}/share'
exec_prefix='${prefix}'
host='x86_64-unknown-linux-gnu'
host_alias=''
host_cpu='x86_64'
host_os='linux-gnu'
host_vendor='unknown'
includedir='${prefix}/include'
infodir='${prefix}/info'
libdir='${exec_prefix}/lib'
libexecdir='${exec_prefix}/libexec'
localstatedir='${prefix}/var'
mandir='${prefix}/man'
oldincludedir='/usr/include'
prefix='/usr/local'
program_transform_name='s,x,x,'
sbindir='${exec_prefix}/sbin'
sharedstatedir='${prefix}/com'
sysconfdir='${prefix}/etc'
target_alias=''

## ----------- ##
## confdefs.h. ##
## ----------- ##

#define HAVE_INTTYPES_H 1
#define HAVE_MEMORY_H 1
#define HAVE_STDINT_H 1
#define HAVE_STDLIB_H 1
#define HAVE_STRINGS_H 1
#define HAVE_STRING_H 1
#define HAVE_SYS_STAT_H 1
#define HAVE_SYS_TYPES_H 1
#define HAVE_UNISTD_H 1
#define HAVE_WX_STC_STC_H 1
#define PACKAGE_BUGREPORT ""
#define PACKAGE_NAME ""
#define PACKAGE_STRING ""
#define PACKAGE_TARNAME ""
#define PACKAGE_VERSION ""
#define SIZEOF_VOID_P 8
#define STDC_HEADERS 1
#endif
#ifdef __cplusplus
extern "C" void exit (int) throw ();

configure: exit 0
