This file contains any messages produced by compilers while
running configure, to aid debugging if configure makes a mistake.

It was created by configure, which was
generated by GNU Autoconf 2.59.  Invocation command line was

  $ /root/download/otp_src_19.3/lib/configure --prefix=/usr/local --enable-smp-support --enable-hipe --enable-threads --enable-kernel-poll --enable-native-libs --enable-shared-zlib --enable-lock-counter ERL_TOP=/root/download/otp_src_19.3 --cache-file=/dev/null --srcdir=/root/download/otp_src_19.3/lib

## --------- ##
## Platform. ##
## --------- ##

hostname = localhost.localdomain
uname -m = x86_64
uname -r = 2.6.32-696.3.2.el6.x86_64
uname -s = Linux
uname -v = #1 SMP Tue Jun 20 01:26:55 UTC 2017

/usr/bin/uname -p = unknown
/bin/uname -X     = unknown

/bin/arch              = x86_64
/usr/bin/arch -k       = unknown
/usr/convex/getsysinfo = unknown
hostinfo               = unknown
/bin/machine           = unknown
/usr/bin/oslevel       = unknown
/bin/universe          = unknown

PATH: /usr/local/bin
PATH: /usr/local/bin
PATH: /usr/lib64/qt-3.3/bin
PATH: /usr/local/sbin
PATH: /usr/sbin
PATH: /sbin
PATH: /usr/local/bin
PATH: /usr/bin
PATH: /bin
PATH: /root/bin
PATH: /usr/local/share/java/jdk1.8.0_131/bin
PATH: /usr/local/share/java/jdk1.8.0_131/jre/bin
PATH: /usr/local/share/java/jdk1.8.0_131/bin
PATH: /usr/local/share/java/jdk1.8.0_131/jre/bin
PATH: /usr/local/share/java/jdk1.8.0_131/bin
PATH: /usr/local/share/java/jdk1.8.0_131/jre/bin


## ----------- ##
## Core tests. ##
## ----------- ##

configure:1368: creating ./config.status

## ---------------------- ##
## Running config.status. ##
## ---------------------- ##

This file was extended by config.status, which was
generated by GNU Autoconf 2.59.  Invocation command line was

  CONFIG_FILES    = 
  CONFIG_HEADERS  = 
  CONFIG_LINKS    = 
  CONFIG_COMMANDS = 
  $ ./config.status 

on localhost.localdomain

configure:1858: configuring in snmp/.
configure:1975: running /bin/sh '/root/download/otp_src_19.3/lib/snmp/./configure' --prefix=/usr/local  '--prefix=/usr/local' '--enable-smp-support' '--enable-hipe' '--enable-threads' '--enable-kernel-poll' '--enable-native-libs' '--enable-shared-zlib' '--enable-lock-counter' 'ERL_TOP=/root/download/otp_src_19.3' '--cache-file=/dev/null' '--srcdir=/root/download/otp_src_19.3/lib' --cache-file=/dev/null --srcdir=/root/download/otp_src_19.3/lib/snmp/.
configure:1858: configuring in common_test/.
configure:1975: running /bin/sh '/root/download/otp_src_19.3/lib/common_test/./configure' --prefix=/usr/local  '--prefix=/usr/local' '--enable-smp-support' '--enable-hipe' '--enable-threads' '--enable-kernel-poll' '--enable-native-libs' '--enable-shared-zlib' '--enable-lock-counter' 'ERL_TOP=/root/download/otp_src_19.3' '--cache-file=/dev/null' '--srcdir=/root/download/otp_src_19.3/lib' --cache-file=/dev/null --srcdir=/root/download/otp_src_19.3/lib/common_test/.
configure:1858: configuring in erl_interface/.
configure:1975: running /bin/sh '/root/download/otp_src_19.3/lib/erl_interface/./configure' --prefix=/usr/local  '--prefix=/usr/local' '--enable-smp-support' '--enable-hipe' '--enable-threads' '--enable-kernel-poll' '--enable-native-libs' '--enable-shared-zlib' '--enable-lock-counter' 'ERL_TOP=/root/download/otp_src_19.3' '--cache-file=/dev/null' '--srcdir=/root/download/otp_src_19.3/lib' --cache-file=/dev/null --srcdir=/root/download/otp_src_19.3/lib/erl_interface/.
configure:1858: configuring in gs/.
configure:1975: running /bin/sh '/root/download/otp_src_19.3/lib/gs/./configure' --prefix=/usr/local  '--prefix=/usr/local' '--enable-smp-support' '--enable-hipe' '--enable-threads' '--enable-kernel-poll' '--enable-native-libs' '--enable-shared-zlib' '--enable-lock-counter' 'ERL_TOP=/root/download/otp_src_19.3' '--cache-file=/dev/null' '--srcdir=/root/download/otp_src_19.3/lib' --cache-file=/dev/null --srcdir=/root/download/otp_src_19.3/lib/gs/.
configure:1858: configuring in megaco/.
configure:1975: running /bin/sh '/root/download/otp_src_19.3/lib/megaco/./configure' --prefix=/usr/local  '--prefix=/usr/local' '--enable-smp-support' '--enable-hipe' '--enable-threads' '--enable-kernel-poll' '--enable-native-libs' '--enable-shared-zlib' '--enable-lock-counter' 'ERL_TOP=/root/download/otp_src_19.3' '--cache-file=/dev/null' '--srcdir=/root/download/otp_src_19.3/lib' --cache-file=/dev/null --srcdir=/root/download/otp_src_19.3/lib/megaco/.
configure:1858: configuring in odbc/.
configure:1975: running /bin/sh '/root/download/otp_src_19.3/lib/odbc/./configure' --prefix=/usr/local  '--prefix=/usr/local' '--enable-smp-support' '--enable-hipe' '--enable-threads' '--enable-kernel-poll' '--enable-native-libs' '--enable-shared-zlib' '--enable-lock-counter' 'ERL_TOP=/root/download/otp_src_19.3' '--cache-file=/dev/null' '--srcdir=/root/download/otp_src_19.3/lib' --cache-file=/dev/null --srcdir=/root/download/otp_src_19.3/lib/odbc/.
configure:1858: configuring in wx/.
configure:1975: running /bin/sh '/root/download/otp_src_19.3/lib/wx/./configure' --prefix=/usr/local  '--prefix=/usr/local' '--enable-smp-support' '--enable-hipe' '--enable-threads' '--enable-kernel-poll' '--enable-native-libs' '--enable-shared-zlib' '--enable-lock-counter' 'ERL_TOP=/root/download/otp_src_19.3' '--cache-file=/dev/null' '--srcdir=/root/download/otp_src_19.3/lib' --cache-file=/dev/null --srcdir=/root/download/otp_src_19.3/lib/wx/.

## ---------------- ##
## Cache variables. ##
## ---------------- ##

ac_cv_env_build_alias_set=
ac_cv_env_build_alias_value=
ac_cv_env_host_alias_set=
ac_cv_env_host_alias_value=
ac_cv_env_target_alias_set=
ac_cv_env_target_alias_value=

## ----------------- ##
## Output variables. ##
## ----------------- ##

DEFS='-DPACKAGE_NAME=\"\" -DPACKAGE_TARNAME=\"\" -DPACKAGE_VERSION=\"\" -DPACKAGE_STRING=\"\" -DPACKAGE_BUGREPORT=\"\" '
ECHO_C=''
ECHO_N='-n'
ECHO_T=''
LIBOBJS=''
LIBS=''
LTLIBOBJS=''
PACKAGE_BUGREPORT=''
PACKAGE_NAME=''
PACKAGE_STRING=''
PACKAGE_TARNAME=''
PACKAGE_VERSION=''
PATH_SEPARATOR=':'
SHELL='/bin/sh'
bindir='${exec_prefix}/bin'
build_alias=''
datadir='${prefix}/share'
exec_prefix='${prefix}'
host_alias=''
includedir='${prefix}/include'
infodir='${prefix}/info'
libdir='${exec_prefix}/lib'
libexecdir='${exec_prefix}/libexec'
localstatedir='${prefix}/var'
mandir='${prefix}/man'
oldincludedir='/usr/include'
prefix='/usr/local'
program_transform_name='s,x,x,'
sbindir='${exec_prefix}/sbin'
sharedstatedir='${prefix}/com'
subdirs=' snmp/. common_test/. erl_interface/. gs/. megaco/. odbc/. wx/.'
sysconfdir='${prefix}/etc'
target_alias=''

## ----------- ##
## confdefs.h. ##
## ----------- ##

#define PACKAGE_BUGREPORT ""
#define PACKAGE_NAME ""
#define PACKAGE_STRING ""
#define PACKAGE_TARNAME ""
#define PACKAGE_VERSION ""

configure: exit 0
